--------- beginning of main
05-19 13:10:24.000  8139  8219 W unknown:ViewManagerPropertyUpdater: Could not find generated setter for class com.swmansion.rnscreens.ScreensShadowNode
05-19 13:10:24.155  8139  8282 D SoLoader: libimagepipeline.so not found on /data/data/com.fakestore/lib-main
05-19 13:10:24.155  8139  8282 D SoLoader: libimagepipeline.so found on /data/app/~~3qwH3jbk4HS3Vf8CyqUxNQ==/com.fakestore-YTlCSHBNtuzBd8ykrkbfEA==/lib/arm64
05-19 13:10:24.155  8139  8282 D SoLoader: Not resolving dependencies for libimagepipeline.so
05-19 13:10:24.182  8139  8139 I Detox   : UIManagerModule is busy
05-19 13:10:24.517  8139  8139 I Detox   : Wait is over: App is now idle!
05-19 13:10:24.518  8139  8212 I DetoxWSClient: Sending out action 'ready' (ID #-1000)
05-19 13:10:24.518  8139  8212 I DetoxDispatcher: Done with action 'isReady'
05-19 13:10:24.518  8139  8212 I DetoxDispatcher: Handling action 'loginSuccess' (ID #0)...
05-19 13:10:24.518  8139  8212 I DetoxDispatcher: Done with action 'loginSuccess'
05-19 13:10:24.518  8139  8212 I DetoxDispatcher: Handling action 'isReady' (ID #-1000)...
05-19 13:10:24.527  8139  8139 I Detox   : Wait is over: App is now idle!
05-19 13:10:24.527  8139  8212 I DetoxWSClient: Sending out action 'ready' (ID #-1000)
05-19 13:10:24.527  8139  8212 I DetoxDispatcher: Done with action 'isReady'
05-19 13:10:24.634  8139  8214 D DetoxWSClient: Received action 'invoke' (ID #1, params={"target":{"type":"Class","value":"com.wix.detox.espresso.DetoxAssertion"},"method":"waitForAssertMatcher","args":[{"type":"Invocation","value":{"target":{"type":"Class","value":"androidx.test.espresso.Espresso"},"method":"onView","args":[{"type":"Invocation","value":{"target":{"type":"Class","value":"com.wix.detox.espresso.DetoxMatcher"},"method":"matcherForText","args":["Fake Store"]}}]}},{"type":"Invocation","value":{"target":{"type":"Class","value":"com.wix.detox.espresso.DetoxMatcher"},"method":"matcherForSufficientlyVisible","args":[{"type":"Integer","value":75}]}},{"type":"Double","value":3}]})
05-19 13:10:24.635  8139  8212 I DetoxDispatcher: Handling action 'invoke' (ID #1)...
05-19 13:10:24.639  8139  8212 D Detox   : class com.wix.detox.espresso.DetoxMatcher, matcherForText, [Fake Store]
05-19 13:10:24.644  8139  8212 D Detox   : class androidx.test.espresso.Espresso, onView, [(an instance of android.widget.TextView and view.getText() with or without transformation to match: is "Fake Store" and view has effective visibility <VISIBLE>)]
05-19 13:10:24.645  8139  8212 D Detox   : class com.wix.detox.espresso.DetoxMatcher, matcherForSufficientlyVisible, [75]
05-19 13:10:24.647  8139  8212 D Detox   : class com.wix.detox.espresso.DetoxAssertion, waitForAssertMatcher, [androidx.test.espresso.ViewInteraction@39c101c, (view has effective visibility <VISIBLE> and view.getGlobalVisibleRect() covers at least <75> percent of the view's area), 3.0]
05-19 13:10:24.653  8139  8139 W com.fakestore: Accessing hidden method Landroid/view/WindowManagerGlobal;->getInstance()Landroid/view/WindowManagerGlobal; (greylist, reflection, allowed)
05-19 13:10:24.653  8139  8139 W com.fakestore: Accessing hidden field Landroid/view/WindowManagerGlobal;->mViews:Ljava/util/ArrayList; (greylist, reflection, allowed)
05-19 13:10:24.653  8139  8139 W com.fakestore: Accessing hidden field Landroid/view/WindowManagerGlobal;->mParams:Ljava/util/ArrayList; (greylist, reflection, allowed)
05-19 13:10:24.656  8139  8139 I ViewInteraction: Checking 'MatchesViewAssertion(Detox){viewMatcher=(view has effective visibility <VISIBLE> and view.getGlobalVisibleRect() covers at least <75> percent of the view's area)}' assertion on view (an instance of android.widget.TextView and view.getText() with or without transformation to match: is "Fake Store" and view has effective visibility <VISIBLE>)
05-19 13:10:24.658  8139  8212 I DetoxWSClient: Sending out action 'invokeResult' (ID #1)
05-19 13:10:24.658  8139  8212 I DetoxDispatcher: Done with action 'invoke'
05-19 13:10:24.664  8139  8214 D DetoxWSClient: Received action 'invoke' (ID #2, params={"target":{"type":"Class","value":"com.wix.detox.espresso.DetoxAssertion"},"method":"waitForAssertMatcher","args":[{"type":"Invocation","value":{"target":{"type":"Class","value":"androidx.test.espresso.Espresso"},"method":"onView","args":[{"type":"Invocation","value":{"target":{"type":"Class","value":"com.wix.detox.espresso.DetoxMatcher"},"method":"matcherForText","args":["Find your Gadget"]}}]}},{"type":"Invocation","value":{"target":{"type":"Class","value":"com.wix.detox.espresso.DetoxMatcher"},"method":"matcherForSufficientlyVisible","args":[{"type":"Integer","value":75}]}},{"type":"Double","value":3}]})
05-19 13:10:24.665  8139  8212 I DetoxDispatcher: Handling action 'invoke' (ID #2)...
05-19 13:10:24.666  8139  8212 D Detox   : class com.wix.detox.espresso.DetoxMatcher, matcherForText, [Find your Gadget]
05-19 13:10:24.667  8139  8212 D Detox   : class androidx.test.espresso.Espresso, onView, [(an instance of android.widget.TextView and view.getText() with or without transformation to match: is "Find your Gadget" and view has effective visibility <VISIBLE>)]
05-19 13:10:24.668  8139  8212 D Detox   : class com.wix.detox.espresso.DetoxMatcher, matcherForSufficientlyVisible, [75]
05-19 13:10:24.668  8139  8212 D Detox   : class com.wix.detox.espresso.DetoxAssertion, waitForAssertMatcher, [androidx.test.espresso.ViewInteraction@a4789fa, (view has effective visibility <VISIBLE> and view.getGlobalVisibleRect() covers at least <75> percent of the view's area), 3.0]
05-19 13:10:24.683  8139  8139 I ViewInteraction: Checking 'MatchesViewAssertion(Detox){viewMatcher=(view has effective visibility <VISIBLE> and view.getGlobalVisibleRect() covers at least <75> percent of the view's area)}' assertion on view (an instance of android.widget.TextView and view.getText() with or without transformation to match: is "Find your Gadget" and view has effective visibility <VISIBLE>)
05-19 13:10:24.721  8139  8139 I ViewInteraction: Checking 'MatchesViewAssertion(Detox){viewMatcher=(view has effective visibility <VISIBLE> and view.getGlobalVisibleRect() covers at least <75> percent of the view's area)}' assertion on view (an instance of android.widget.TextView and view.getText() with or without transformation to match: is "Find your Gadget" and view has effective visibility <VISIBLE>)
05-19 13:10:24.755  8139  8139 I ViewInteraction: Checking 'MatchesViewAssertion(Detox){viewMatcher=(view has effective visibility <VISIBLE> and view.getGlobalVisibleRect() covers at least <75> percent of the view's area)}' assertion on view (an instance of android.widget.TextView and view.getText() with or without transformation to match: is "Find your Gadget" and view has effective visibility <VISIBLE>)
05-19 13:10:24.789  8139  8139 I ViewInteraction: Checking 'MatchesViewAssertion(Detox){viewMatcher=(view has effective visibility <VISIBLE> and view.getGlobalVisibleRect() covers at least <75> percent of the view's area)}' assertion on view (an instance of android.widget.TextView and view.getText() with or without transformation to match: is "Find your Gadget" and view has effective visibility <VISIBLE>)
05-19 13:10:24.824  8139  8139 I ViewInteraction: Checking 'MatchesViewAssertion(Detox){viewMatcher=(view has effective visibility <VISIBLE> and view.getGlobalVisibleRect() covers at least <75> percent of the view's area)}' assertion on view (an instance of android.widget.TextView and view.getText() with or without transformation to match: is "Find your Gadget" and view has effective visibility <VISIBLE>)
05-19 13:10:24.954  8139  8139 I chatty  : uid=11041(com.fakestore) identical 4 lines
05-19 13:10:24.985  8139  8139 I ViewInteraction: Checking 'MatchesViewAssertion(Detox){viewMatcher=(view has effective visibility <VISIBLE> and view.getGlobalVisibleRect() covers at least <75> percent of the view's area)}' assertion on view (an instance of android.widget.TextView and view.getText() with or without transformation to match: is "Find your Gadget" and view has effective visibility <VISIBLE>)
05-19 13:10:25.018  8139  8139 I ViewInteraction: Checking 'MatchesViewAssertion(Detox){viewMatcher=(view has effective visibility <VISIBLE> and view.getGlobalVisibleRect() covers at least <75> percent of the view's area)}' assertion on view (an instance of android.widget.TextView and view.getText() with or without transformation to match: is "Find your Gadget" and view has effective visibility <VISIBLE>)
05-19 13:10:25.238  8139  8139 I chatty  : uid=11041(com.fakestore) identical 6 lines
05-19 13:10:25.274  8139  8139 I ViewInteraction: Checking 'MatchesViewAssertion(Detox){viewMatcher=(view has effective visibility <VISIBLE> and view.getGlobalVisibleRect() covers at least <75> percent of the view's area)}' assertion on view (an instance of android.widget.TextView and view.getText() with or without transformation to match: is "Find your Gadget" and view has effective visibility <VISIBLE>)
05-19 13:10:25.306  8139  8139 I ViewInteraction: Checking 'MatchesViewAssertion(Detox){viewMatcher=(view has effective visibility <VISIBLE> and view.getGlobalVisibleRect() covers at least <75> percent of the view's area)}' assertion on view (an instance of android.widget.TextView and view.getText() with or without transformation to match: is "Find your Gadget" and view has effective visibility <VISIBLE>)
05-19 13:10:25.578  8139  8139 I chatty  : uid=11041(com.fakestore) identical 8 lines
05-19 13:10:25.614  8139  8139 I ViewInteraction: Checking 'MatchesViewAssertion(Detox){viewMatcher=(view has effective visibility <VISIBLE> and view.getGlobalVisibleRect() covers at least <75> percent of the view's area)}' assertion on view (an instance of android.widget.TextView and view.getText() with or without transformation to match: is "Find your Gadget" and view has effective visibility <VISIBLE>)
05-19 13:10:25.648  8139  8139 I ViewInteraction: Checking 'MatchesViewAssertion(Detox){viewMatcher=(view has effective visibility <VISIBLE> and view.getGlobalVisibleRect() covers at least <75> percent of the view's area)}' assertion on view (an instance of android.widget.TextView and view.getText() with or without transformation to match: is "Find your Gadget" and view has effective visibility <VISIBLE>)
05-19 13:10:25.680  8139  8139 I ViewInteraction: Checking 'MatchesViewAssertion(Detox){viewMatcher=(view has effective visibility <VISIBLE> and view.getGlobalVisibleRect() covers at least <75> percent of the view's area)}' assertion on view (an instance of android.widget.TextView and view.getText() with or without transformation to match: is "Find your Gadget" and view has effective visibility <VISIBLE>)
05-19 13:10:25.923  8139  8139 I chatty  : uid=11041(com.fakestore) identical 7 lines
05-19 13:10:25.957  8139  8139 I ViewInteraction: Checking 'MatchesViewAssertion(Detox){viewMatcher=(view has effective visibility <VISIBLE> and view.getGlobalVisibleRect() covers at least <75> percent of the view's area)}' assertion on view (an instance of android.widget.TextView and view.getText() with or without transformation to match: is "Find your Gadget" and view has effective visibility <VISIBLE>)
05-19 13:10:25.980  8139  8139 D AsyncStorageIR: Async-storage is busy!
05-19 13:10:26.044  8139  8139 I Detox   : UIManagerModule is busy
05-19 13:10:26.079  8139  8139 I Detox   : UIManagerModule is busy
05-19 13:10:26.287  8139  8139 I ViewInteraction: Checking 'MatchesViewAssertion(Detox){viewMatcher=(view has effective visibility <VISIBLE> and view.getGlobalVisibleRect() covers at least <75> percent of the view's area)}' assertion on view (an instance of android.widget.TextView and view.getText() with or without transformation to match: is "Find your Gadget" and view has effective visibility <VISIBLE>)
05-19 13:10:26.288  8139  8212 I DetoxWSClient: Sending out action 'invokeResult' (ID #2)
05-19 13:10:26.289  8139  8212 I DetoxDispatcher: Done with action 'invoke'
