13:10:11.351 detox[3504] [90mB[39m node_modules/.bin/detox test --configuration android.att.debug --record-logs all
  data: {
    "id": "7cc14e88-ffae-8ab5-f58b-d6e2ac7463c2",
    "detoxConfig": {
      "configurationName": "android.att.debug",
      "apps": {
        "default": {
          "type": "android.apk",
          "binaryPath": "android/app/build/outputs/apk/debug/app-debug.apk",
          "build": "cd android && ./gradlew assembleDebug assembleAndroidTest -DtestBuildType=debug",
          "reversePorts": [
            8081
          ]
        }
      },
      "artifacts": {
        "rootDir": "artifacts/android.att.debug.2023-05-19 07-40-11Z",
        "plugins": {
          "log": {
            "enabled": true,
            "keepOnlyFailedTestsArtifacts": false
          },
          "screenshot": {
            "enabled": true,
            "shouldTakeAutomaticSnapshots": false,
            "keepOnlyFailedTestsArtifacts": false
          },
          "video": {
            "enabled": false,
            "keepOnlyFailedTestsArtifacts": false
          },
          "instruments": {
            "enabled": false,
            "keepOnlyFailedTestsArtifacts": false
          },
          "uiHierarchy": {
            "enabled": false,
            "keepOnlyFailedTestsArtifacts": false
          }
        }
      },
      "behavior": {
        "init": {
          "keepLockFile": false,
          "reinstallApp": true,
          "exposeGlobals": true
        },
        "cleanup": {
          "shutdownDevice": false
        },
        "launchApp": "auto"
      },
      "cli": {
        "recordLogs": "all",
        "configuration": "android.att.debug",
        "start": true
      },
      "device": {
        "type": "android.attached",
        "device": {
          "adbName": ".*"
        }
      },
      "logger": {
        "level": "info",
        "overrideConsole": true,
        "options": {
          "showLoggerName": true,
          "showPid": true,
          "showLevel": false,
          "showMetadata": false,
          "basepath": "/Users/priyaranganathan/Documents/React_Native_Projects/FakeStore/node_modules/detox/src",
          "prefixers": {},
          "stringifiers": {}
        }
      },
      "testRunner": {
        "retries": 0,
        "forwardEnv": false,
        "bail": false,
        "jest": {
          "setupTimeout": 120000,
          "teardownTimeout": 30000,
          "retryAfterCircusRetries": false,
          "reportWorkerAssign": true
        },
        "args": {
          "$0": "jest",
          "_": [],
          "config": "e2e/jest.config.js",
          "--": []
        }
      },
      "session": {
        "autoStart": true,
        "debugSynchronization": 10000
      }
    },
    "detoxIPCServer": "primary-3504",
    "testResults": [],
    "testSessionIndex": 0,
    "workersCount": 0
  }
13:10:11.355 detox[3504] [90mi[39m Server path not specified, so defaulting to ipc.config.socketRoot + ipc.config.appspace + ipc.config.id /tmp/detox.primary-3504
13:10:11.357 detox[3504] [90mi[39m starting server on  /tmp/detox.primary-3504 
13:10:11.357 detox[3504] [90mi[39m starting TLS server false
13:10:11.358 detox[3504] [90mi[39m starting server as Unix || Windows Socket
13:10:11.362 detox[3504] [90mi[39m Detox server listening on localhost:51866...
13:10:11.367 detox[3504] [90mi[39m Serialized the session state at: /private/var/folders/nh/qgcf94bd36j7y52qsksxp38r0000gn/T/7cc14e88-ffae-8ab5-f58b-d6e2ac7463c2.detox.json
13:10:11.368 detox[3504] [90mB[39m jest --config e2e/jest.config.js
13:10:11.925 detox[3505] [90mi[39m Service path not specified, so defaulting to ipc.config.socketRoot + ipc.config.appspace + id 
13:10:11.925 detox[3505] [90mi[39m requested connection to  primary-3504 /tmp/detox.primary-3504
13:10:11.925 detox[3505] [90mi[39m Connecting client on Unix Socket : /tmp/detox.primary-3504
13:10:11.926 detox[3504] [90mi[39m ## socket connection to server detected ##
13:10:11.926 detox[3505] [90mi[39m retrying reset
13:10:11.927 detox[3505] [90mi[39m dispatching event to  primary-3504 /tmp/detox.primary-3504  :  registerContext , { id: 'secondary-3505' }
13:10:11.929 detox[3504] [90mi[39m received event of :  registerContext { id: 'secondary-3505' }
13:10:11.930 detox[3504] [90mi[39m dispatching event to socket  :  registerContextDone { testResults: [], testSessionIndex: 0 }
13:10:11.930 detox[3505] [90mi[39m ## received events ##
13:10:11.930 detox[3505] [90mi[39m detected event registerContextDone { testResults: [], testSessionIndex: 0 }
13:10:11.984 detox[3505] [90mB[39m e2e/starter.test.js
13:10:11.993 detox[3505] [90mB[39m set up environment
13:10:11.994 detox[3504] [90mi[39m received event of :  registerWorker { workerId: 'w1' }
13:10:11.994 detox[3505] [90mi[39m dispatching event to  primary-3504 /tmp/detox.primary-3504  :  registerWorker , { workerId: 'w1' }
13:10:11.995 detox[3504] [90mi[39m dispatching event to socket  :  registerWorkerDone { workersCount: 1 }
13:10:11.995 detox[3504] [90mi[39m broadcasting event to all known sockets listening to  /tmp/detox.primary-3504  :   sessionStateUpdate { workersCount: 1 }
13:10:11.998 detox[3505] [90mi[39m ## received events ##
13:10:11.998 detox[3505] [90mi[39m detected event registerWorkerDone { workersCount: 1 }
13:10:11.998 detox[3505] [90mi[39m detected event sessionStateUpdate { workersCount: 1 }
13:10:12.116 detox[3504] [90mB[39m connection :51866<->:51867
13:10:12.118 detox[3505] [90mi[39m opened web socket to: ws://localhost:51866
13:10:12.120 detox[3505] [90mi[39m send message
  data: {"type":"login","params":{"sessionId":"cf383df4-dba4-3ebd-ff21-258d86e6d5fa","role":"tester"},"messageId":0}
13:10:12.121 detox[3504] [90mi[39m get
  data: {"type":"login","params":{"sessionId":"cf383df4-dba4-3ebd-ff21-258d86e6d5fa","role":"tester"},"messageId":0}
13:10:12.122 detox[3504] [90mi[39m created session cf383df4-dba4-3ebd-ff21-258d86e6d5fa
13:10:12.122 detox[3504] [90mi[39m send
  data: {
    "type": "loginSuccess",
    "params": {
      "testerConnected": true,
      "appConnected": false
    },
    "messageId": 0
  }
13:10:12.122 detox[3504] [90mi[39m tester joined session cf383df4-dba4-3ebd-ff21-258d86e6d5fa
13:10:12.123 detox[3505] [90mi[39m get message
  data: {"type":"loginSuccess","params":{"testerConnected":true,"appConnected":false},"messageId":0}
   
13:10:12.152 detox[3505] [90mB[39m allocate
  args: ({"type":"android.attached","device":{"adbName":".*"}})
13:10:12.154 detox[3505] [90mi[39m "/Users/priyaranganathan/Library/Android/sdk/platform-tools/adb"  devices
13:10:12.183 detox[3505] [90mi[39m List of devices attached
b6b897f1	device


13:10:12.185 detox[3505] [90mi[39m Found a matching & free device b6b897f1
13:10:12.186 detox[3505] [90mE[39m allocate
13:10:12.186 detox[3505] [90mB[39m postAllocate
  args: ({"adbName":"b6b897f1"})
13:10:12.186 detox[3505] [90mi[39m "/Users/priyaranganathan/Library/Android/sdk/platform-tools/adb" -s b6b897f1 shell "getprop ro.build.version.sdk"
13:10:12.235 detox[3505] [90mi[39m 30

13:10:12.236 detox[3505] [90mi[39m "/Users/priyaranganathan/Library/Android/sdk/platform-tools/adb" -s b6b897f1 shell "dumpsys power | grep \"^[ ]*m[UW].*=\""
13:10:12.352 detox[3505] [90mi[39m   mWakefulness=Awake
  mWakefulnessChanging=false
  mWakeLockSummary=0x0
  mUserActivitySummary=0x1
  mWakeUpWhenPluggedOrUnpluggedConfig=true
  mWakeUpWhenPluggedOrUnpluggedInTheaterModeConfig=false
  mUserActivityTimeoutOverrideFromWindowManager=-1
  mUserInactiveOverrideFromWindowManager=false
  mUserId=0

13:10:12.353 detox[3505] [90mB[39m onBootDevice
  args: ({"deviceId":"b6b897f1","type":"device","coldBoot":false})
13:10:12.353 detox[3505] [90mE[39m onBootDevice
13:10:12.354 detox[3505] [90mE[39m postAllocate
13:10:12.377 detox[3505] [90mB[39m installUtilBinaries
  args: ()
13:10:12.377 detox[3505] [90mE[39m installUtilBinaries
13:10:12.378 detox[3505] [90mB[39m selectApp
  args: ("default")
13:10:12.384 detox[3505] [90mi[39m "/Users/priyaranganathan/Library/Android/sdk/build-tools/33.0.0/aapt" dump badging "/Users/priyaranganathan/Documents/React_Native_Projects/FakeStore/android/app/build/outputs/apk/debug/app-debug.apk"
13:10:12.412 detox[3505] [90mi[39m package: name='com.fakestore' versionCode='1' versionName='1.0' platformBuildVersionName='12' platformBuildVersionCode='31' compileSdkVersion='31' compileSdkVersionCodename='12'
sdkVersion:'21'
targetSdkVersion:'31'
uses-permission: name='android.permission.SYSTEM_ALERT_WINDOW'
uses-permission: name='android.permission.INTERNET'
uses-permission: name='android.permission.CAMERA'
uses-permission: name='android.permission.WRITE_EXTERNAL_STORAGE'
uses-permission: name='android.permission.ACCESS_FINE_LOCATION'
uses-permission: name='android.permission.ACCESS_COARSE_LOCATION'
uses-permission: name='android.permission.ACCESS_WIFI_STATE'
application-label:'FakeStore'
application-label-af:'FakeStore'
application-label-am:'FakeStore'
application-label-ar:'FakeStore'
application-label-as:'FakeStore'
application-label-az:'FakeStore'
application-label-be:'FakeStore'
application-label-bg:'FakeStore'
application-label-bn:'FakeStore'
application-label-bs:'FakeStore'
application-label-ca:'FakeStore'
application-label-cs:'FakeStore'
application-label-da:'FakeStore'
application-label-de:'FakeStore'
application-label-el:'FakeStore'
application-label-en-AU:'FakeStore'
application-label-en-CA:'FakeStore'
application-label-en-GB:'FakeStore'
application-label-en-IN:'FakeStore'
application-label-en-XC:'FakeStore'
application-label-es:'FakeStore'
application-label-es-US:'FakeStore'
application-label-et:'FakeStore'
application-label-eu:'FakeStore'
application-label-fa:'FakeStore'
application-label-fi:'FakeStore'
application-label-fr:'FakeStore'
application-label-fr-CA:'FakeStore'
application-label-gl:'FakeStore'
application-label-gu:'FakeStore'
application-label-hi:'FakeStore'
application-label-hr:'FakeStore'
application-label-hu:'FakeStore'
application-label-hy:'FakeStore'
application-label-in:'FakeStore'
application-label-is:'FakeStore'
application-label-it:'FakeStore'
application-label-iw:'FakeStore'
application-label-ja:'FakeStore'
application-label-ka:'FakeStore'
application-label-kk:'FakeStore'
application-label-km:'FakeStore'
application-label-kn:'FakeStore'
application-label-ko:'FakeStore'
application-label-ky:'FakeStore'
application-label-lo:'FakeStore'
application-label-lt:'FakeStore'
application-label-lv:'FakeStore'
application-label-mk:'FakeStore'
application-label-ml:'FakeStore'
application-label-mn:'FakeStore'
application-label-mr:'FakeStore'
application-label-ms:'FakeStore'
application-label-my:'FakeStore'
application-label-nb:'FakeStore'
application-label-ne:'FakeStore'
application-label-nl:'FakeStore'
application-label-or:'FakeStore'
application-label-pa:'FakeStore'
application-label-pl:'FakeStore'
application-label-pt:'FakeStore'
application-label-pt-BR:'FakeStore'
application-label-pt-PT:'FakeStore'
application-label-ro:'FakeStore'
application-label-ru:'FakeStore'
application-label-si:'FakeStore'
application-label-sk:'FakeStore'
application-label-sl:'FakeStore'
application-label-sq:'FakeStore'
application-label-sr:'FakeStore'
application-label-sr-Latn:'FakeStore'
application-label-sv:'FakeStore'
application-label-sw:'FakeStore'
application-label-ta:'FakeStore'
application-label-te:'FakeStore'
application-label-th:'FakeStore'
application-label-tl:'FakeStore'
application-label-tr:'FakeStore'
application-label-uk:'FakeStore'
application-label-ur:'FakeStore'
application-label-uz:'FakeStore'
application-label-vi:'FakeStore'
application-label-zh-CN:'FakeStore'
application-label-zh-HK:'FakeStore'
application-label-zh-TW:'FakeStore'
application-label-zu:'FakeStore'
application-icon-160:'res/mipmap-mdpi-v4/ic_launcher.png'
application-icon-240:'res/mipmap-hdpi-v4/ic_launcher.png'
application-icon-320:'res/mipmap-xhdpi-v4/ic_launcher.png'
application-icon-480:'res/mipmap-xxhdpi-v4/ic_launcher.png'
application-icon-640:'res/mipmap-xxxhdpi-v4/ic_launcher.png'
application-icon-65534:'res/mipmap-mdpi-v4/ic_launcher.png'
application: label='FakeStore' icon='res/mipmap-mdpi-v4/ic_launcher.png'
application-debuggable
launchable-activity: name='com.fakestore.MainActivity'  label='FakeStore' icon=''
uses-permission: name='android.permission.READ_EXTERNAL_STORAGE'
uses-implied-permission: name='android.permission.READ_EXTERNAL_STORAGE' reason='requested WRITE_EXTERNAL_STORAGE'
feature-group: label=''
  uses-feature: name='android.hardware.camera'
  uses-implied-feature: name='android.hardware.camera' reason='requested android.permission.CAMERA permission'
  uses-feature: name='android.hardware.faketouch'
  uses-implied-feature: name='android.hardware.faketouch' reason='default feature for all apps'
  uses-feature: name='android.hardware.location'
  uses-implied-feature: name='android.hardware.location' reason='requested android.permission.ACCESS_COARSE_LOCATION permission, and requested android.permission.ACCESS_FINE_LOCATION permission'
  uses-feature: name='android.hardware.wifi'
  uses-implied-feature: name='android.hardware.wifi' reason='requested android.permission.ACCESS_WIFI_STATE permission'
main
other-activities
supports-screens: 'small' 'normal' 'large' 'xlarge'
supports-any-density: 'true'
locales: '--_--' 'af' 'am' 'ar' 'as' 'az' 'be' 'bg' 'bn' 'bs' 'ca' 'cs' 'da' 'de' 'el' 'en-AU' 'en-CA' 'en-GB' 'en-IN' 'en-XC' 'es' 'es-US' 'et' 'eu' 'fa' 'fi' 'fr' 'fr-CA' 'gl' 'gu' 'hi' 'hr' 'hu' 'hy' 'in' 'is' 'it' 'iw' 'ja' 'ka' 'kk' 'km' 'kn' 'ko' 'ky' 'lo' 'lt' 'lv' 'mk' 'ml' 'mn' 'mr' 'ms' 'my' 'nb' 'ne' 'nl' 'or' 'pa' 'pl' 'pt' 'pt-BR' 'pt-PT' 'ro' 'ru' 'si' 'sk' 'sl' 'sq' 'sr' 'sr-Latn' 'sv' 'sw' 'ta' 'te' 'th' 'tl' 'tr' 'uk' 'ur' 'uz' 'vi' 'zh-CN' 'zh-HK' 'zh-TW' 'zu'
densities: '160' '240' '320' '480' '640' '65534'
native-code: 'arm64-v8a' 'armeabi-v7a' 'x86' 'x86_64'

13:10:12.413 detox[3505] [90mE[39m selectApp
13:10:12.413 detox[3505] [90mB[39m uninstallApp
  args: ()
13:10:12.413 detox[3505] [90mB[39m onBeforeUninstallApp
  args: ({"deviceId":"b6b897f1","bundleId":"com.fakestore"})
13:10:12.413 detox[3505] [90mE[39m onBeforeUninstallApp
13:10:12.414 detox[3505] [90mi[39m "/Users/priyaranganathan/Library/Android/sdk/platform-tools/adb" -s b6b897f1 shell "pm list packages com.fakestore"
13:10:12.489 detox[3505] [90mi[39m package:com.fakestore.test
package:com.fakestore

13:10:12.490 detox[3505] [90mi[39m "/Users/priyaranganathan/Library/Android/sdk/platform-tools/adb" -s b6b897f1 uninstall com.fakestore
13:10:13.073 detox[3505] [90mi[39m Success

13:10:13.074 detox[3505] [90mi[39m "/Users/priyaranganathan/Library/Android/sdk/platform-tools/adb" -s b6b897f1 shell "pm list packages com.fakestore.test"
13:10:13.178 detox[3505] [90mi[39m package:com.fakestore.test

13:10:13.179 detox[3505] [90mi[39m "/Users/priyaranganathan/Library/Android/sdk/platform-tools/adb" -s b6b897f1 uninstall com.fakestore.test
13:10:14.808 detox[3505] [90mi[39m Success

13:10:14.808 detox[3505] [90mE[39m uninstallApp
13:10:14.810 detox[3505] [90mB[39m selectApp
  args: ("default")
13:10:14.813 detox[3505] [90mB[39m terminateApp
  args: ()
13:10:14.814 detox[3505] [90mB[39m onBeforeTerminateApp
  args: ({"deviceId":"b6b897f1","bundleId":"com.fakestore"})
13:10:14.814 detox[3505] [90mE[39m onBeforeTerminateApp
13:10:14.815 detox[3505] [90mi[39m "/Users/priyaranganathan/Library/Android/sdk/platform-tools/adb" -s b6b897f1 shell "am force-stop com.fakestore"
13:10:14.944 detox[3505] [90mi[39m 
13:10:14.944 detox[3505] [90mB[39m onTerminateApp
  args: ({"deviceId":"b6b897f1","bundleId":"com.fakestore"})
13:10:14.945 detox[3505] [90mE[39m onTerminateApp
13:10:14.945 detox[3505] [90mE[39m terminateApp
13:10:14.945 detox[3505] [90mE[39m selectApp
13:10:14.946 detox[3505] [90mB[39m installApp
  args: ()
13:10:14.946 detox[3505] [90mi[39m "/Users/priyaranganathan/Library/Android/sdk/build-tools/33.0.0/aapt" dump xmlstrings "/Users/priyaranganathan/Documents/React_Native_Projects/FakeStore/android/app/build/outputs/apk/debug/app-debug.apk" AndroidManifest.xml
13:10:14.984 detox[3505] [90mi[39m String pool of 63 unique UTF-16 non-sorted strings, 63 entries and 0 styles using 3000 bytes:
String #0: theme
String #1: label
String #2: icon
String #3: name
String #4: debuggable
String #5: exported
String #6: authorities
String #7: grantUriPermissions
String #8: launchMode
String #9: configChanges
String #10: value
String #11: resource
String #12: minSdkVersion
String #13: versionCode
String #14: versionName
String #15: windowSoftInputMode
String #16: targetSdkVersion
String #17: allowBackup
String #18: usesCleartextTraffic
String #19: networkSecurityConfig
String #20: roundIcon
String #21: compileSdkVersion
String #22: compileSdkVersionCodename
String #23: appComponentFactory
String #24: 1.0
String #25: 12
String #26: action
String #27: activity
String #28: android
String #29: android.intent.action.MAIN
String #30: android.intent.category.LAUNCHER
String #31: android.permission.ACCESS_COARSE_LOCATION
String #32: android.permission.ACCESS_FINE_LOCATION
String #33: android.permission.ACCESS_WIFI_STATE
String #34: android.permission.CAMERA
String #35: android.permission.INTERNET
String #36: android.permission.SYSTEM_ALERT_WINDOW
String #37: android.permission.WRITE_EXTERNAL_STORAGE
String #38: android.support.FILE_PROVIDER_PATHS
String #39: androidx.core.app.CoreComponentFactory
String #40: androidx.emoji2.text.EmojiCompatInitializer
String #41: androidx.lifecycle.ProcessLifecycleInitializer
String #42: androidx.startup
String #43: androidx.startup.InitializationProvider
String #44: application
String #45: category
String #46: com.facebook.react.devsupport.DevSettingsActivity
String #47: com.fakestore
String #48: com.fakestore.MainActivity
String #49: com.fakestore.MainApplication
String #50: com.fakestore.androidx-startup
String #51: com.fakestore.imagepickerprovider
String #52: com.imagepicker.ImagePickerProvider
String #53: http://schemas.android.com/apk/res/android
String #54: intent-filter
String #55: manifest
String #56: meta-data
String #57: package
String #58: platformBuildVersionCode
String #59: platformBuildVersionName
String #60: provider
String #61: uses-permission
String #62: uses-sdk

13:10:14.985 detox[3505] [90mi[39m "/Users/priyaranganathan/Library/Android/sdk/build-tools/33.0.0/aapt" dump xmlstrings "/Users/priyaranganathan/Documents/React_Native_Projects/FakeStore/android/app/build/outputs/apk/androidTest/debug/app-debug-androidTest.apk" AndroidManifest.xml
13:10:15.011 detox[3505] [90mi[39m String pool of 42 unique UTF-16 non-sorted strings, 42 entries and 0 styles using 2060 bytes:
String #0: theme
String #1: label
String #2: name
String #3: debuggable
String #4: exported
String #5: priority
String #6: targetPackage
String #7: handleProfiling
String #8: functionalTest
String #9: minSdkVersion
String #10: targetSdkVersion
String #11: compileSdkVersion
String #12: compileSdkVersionCodename
String #13: 12
String #14: Tests for com.fakestore
String #15: activity
String #16: android
String #17: android.intent.category.LAUNCHER
String #18: android.permission.REORDER_TASKS
String #19: android.test.runner
String #20: androidx.test.core.app.InstrumentationActivityInvoker$BootstrapActivity
String #21: androidx.test.core.app.InstrumentationActivityInvoker$EmptyActivity
String #22: androidx.test.core.app.InstrumentationActivityInvoker$EmptyFloatingActivity
String #23: androidx.test.orchestrator
String #24: androidx.test.runner.AndroidJUnitRunner
String #25: androidx.test.services
String #26: application
String #27: category
String #28: com.fakestore
String #29: com.fakestore.test
String #30: com.google.android.apps.common.testing.services
String #31: http://schemas.android.com/apk/res/android
String #32: instrumentation
String #33: intent-filter
String #34: manifest
String #35: package
String #36: platformBuildVersionCode
String #37: platformBuildVersionName
String #38: queries
String #39: uses-library
String #40: uses-permission
String #41: uses-sdk

13:10:15.019 detox[3505] [90mi[39m /Users/priyaranganathan/Library/Android/sdk/platform-tools/adb -s b6b897f1 install -r -g -t /Users/priyaranganathan/Documents/React_Native_Projects/FakeStore/android/app/build/outputs/apk/debug/app-debug.apk
13:10:18.766 detox[3505] [90mi[39m Performing Streamed Install
Success

13:10:18.771 detox[3505] [90mi[39m /Users/priyaranganathan/Library/Android/sdk/platform-tools/adb -s b6b897f1 install -r -g -t /Users/priyaranganathan/Documents/React_Native_Projects/FakeStore/android/app/build/outputs/apk/debug/app-debug.apk exited with code #0
13:10:18.789 detox[3505] [90mi[39m /Users/priyaranganathan/Library/Android/sdk/platform-tools/adb -s b6b897f1 install -r -g -t /Users/priyaranganathan/Documents/React_Native_Projects/FakeStore/android/app/build/outputs/apk/androidTest/debug/app-debug-androidTest.apk
13:10:21.867 detox[3505] [90mi[39m Performing Streamed Install
Success

13:10:21.872 detox[3505] [90mi[39m /Users/priyaranganathan/Library/Android/sdk/platform-tools/adb -s b6b897f1 install -r -g -t /Users/priyaranganathan/Documents/React_Native_Projects/FakeStore/android/app/build/outputs/apk/androidTest/debug/app-debug-androidTest.apk exited with code #0
13:10:21.873 detox[3505] [90mB[39m reverseTcpPort
  args: (8081)
13:10:21.873 detox[3505] [90mi[39m "/Users/priyaranganathan/Library/Android/sdk/platform-tools/adb" -s b6b897f1 reverse tcp:8081 tcp:8081
13:10:21.933 detox[3505] [90mi[39m 
13:10:21.933 detox[3505] [90mE[39m reverseTcpPort
13:10:21.933 detox[3505] [90mE[39m installApp
13:10:21.934 detox[3505] [90mB[39m selectApp
  args: ("default")
13:10:21.934 detox[3505] [90mB[39m terminateApp
  args: ()
13:10:21.934 detox[3505] [90mB[39m onBeforeTerminateApp
  args: ({"deviceId":"b6b897f1","bundleId":"com.fakestore"})
13:10:21.934 detox[3505] [90mE[39m onBeforeTerminateApp
13:10:21.934 detox[3505] [90mi[39m "/Users/priyaranganathan/Library/Android/sdk/platform-tools/adb" -s b6b897f1 shell "am force-stop com.fakestore"
13:10:22.155 detox[3505] [90mi[39m 
13:10:22.155 detox[3505] [90mB[39m onTerminateApp
  args: ({"deviceId":"b6b897f1","bundleId":"com.fakestore"})
13:10:22.155 detox[3505] [90mE[39m onTerminateApp
13:10:22.156 detox[3505] [90mE[39m terminateApp
13:10:22.156 detox[3505] [90mE[39m selectApp
13:10:22.157 detox[3505] [90mE[39m set up environment
13:10:22.478 detox[3505] [90mi[39m starter.test.js is assigned to AttachedDevice:b6b897f1
13:10:22.479 detox[3505] [90mB[39m run the tests
13:10:22.479 detox[3505] [90mB[39m onRunDescribeStart
  args: ({"name":"ROOT_DESCRIBE_BLOCK"})
13:10:22.480 detox[3505] [90mE[39m onRunDescribeStart
13:10:22.481 detox[3505] [90mB[39m Example
13:10:22.481 detox[3505] [90mB[39m onRunDescribeStart
  args: ({"name":"Example"})
13:10:22.481 detox[3505] [90mE[39m onRunDescribeStart
13:10:22.481 detox[3505] [90mB[39m beforeAll
13:10:22.485 detox[3505] [90mB[39m launchApp
  args: ()
13:10:22.486 detox[3505] [90mB[39m terminateApp
  args: ("com.fakestore")
13:10:22.486 detox[3505] [90mB[39m onBeforeTerminateApp
  args: ({"deviceId":"b6b897f1","bundleId":"com.fakestore"})
13:10:22.486 detox[3505] [90mE[39m onBeforeTerminateApp
13:10:22.486 detox[3505] [90mi[39m "/Users/priyaranganathan/Library/Android/sdk/platform-tools/adb" -s b6b897f1 shell "am force-stop com.fakestore"
13:10:22.604 detox[3505] [90mi[39m 
13:10:22.605 detox[3505] [90mB[39m onTerminateApp
  args: ({"deviceId":"b6b897f1","bundleId":"com.fakestore"})
13:10:22.605 detox[3505] [90mE[39m onTerminateApp
13:10:22.605 detox[3505] [90mE[39m terminateApp
13:10:22.606 detox[3505] [90mB[39m onBeforeLaunchApp
  args: ({"deviceId":"b6b897f1","bundleId":"com.fakestore","launchArgs":{"detoxServer":"ws://localhost:51866","detoxSessionId":"cf383df4-dba4-3ebd-ff21-258d86e6d5fa"}})
13:10:22.606 detox[3505] [90mi[39m "/Users/priyaranganathan/Library/Android/sdk/platform-tools/adb" -s b6b897f1 shell "date +\"%m-%d %T.000\""
13:10:22.687 detox[3505] [90mi[39m 05-19 13:10:21.000

13:10:22.687 detox[3505] [90mE[39m onBeforeLaunchApp
13:10:22.688 detox[3505] [90mi[39m "/Users/priyaranganathan/Library/Android/sdk/platform-tools/adb" -s b6b897f1 reverse tcp:51866 tcp:51866
13:10:22.722 detox[3505] [90mi[39m 51866

13:10:22.723 detox[3505] [90mi[39m "/Users/priyaranganathan/Library/Android/sdk/platform-tools/adb" -s b6b897f1 shell "pm list instrumentation"
13:10:22.811 detox[3505] [90mi[39m instrumentation:com.fakestore.test/androidx.test.runner.AndroidJUnitRunner (target=com.fakestore)

13:10:22.821 detox[3505] [90mi[39m /Users/priyaranganathan/Library/Android/sdk/platform-tools/adb -s b6b897f1 shell am instrument -w -r -e detoxServer ws://localhost:51866 -e detoxSessionId cf383df4-dba4-3ebd-ff21-258d86e6d5fa -e debug false com.fakestore.test/androidx.test.runner.AndroidJUnitRunner
13:10:23.326 detox[3505] [90mi[39m "/Users/priyaranganathan/Library/Android/sdk/platform-tools/adb" -s b6b897f1 shell "ps | grep \"com\.fakestore$\""
13:10:23.494 detox[3505] [90mi[39m u0_a1041       8139    951 5863412 138908 0                   0 R com.fakestore

13:10:23.494 detox[3505] [90mB[39m onLaunchApp
  args: ({"deviceId":"b6b897f1","bundleId":"com.fakestore","launchArgs":{"detoxServer":"ws://localhost:51866","detoxSessionId":"cf383df4-dba4-3ebd-ff21-258d86e6d5fa"},"pid":8139})
13:10:23.496 detox[3505] [90mi[39m starting ADBLogcatRecording
13:10:23.511 detox[3505] [90mi[39m /Users/priyaranganathan/Library/Android/sdk/platform-tools/adb -s b6b897f1 shell "logcat -T \"05-19 13:10:21.000\" --pid=8139 -f /sdcard/131012147_0.log"
13:10:23.512 detox[3505] [90mE[39m onLaunchApp
13:10:23.815 detox[3505] [90mi[39m "/Users/priyaranganathan/Library/Android/sdk/platform-tools/adb" -s b6b897f1 shell du /sdcard/131012147_0.log
13:10:23.901 detox[3505] [90mi[39m 16	/sdcard/131012147_0.log

13:10:24.264 detox[3505] [90mi[39m INSTRUMENTATION_STATUS: class=com.fakestore.DetoxTest
INSTRUMENTATION_STATUS: current=1
INSTRUMENTATION_STATUS: id=AndroidJUnitRunner
INSTRUMENTATION_STATUS: numtests=1
INSTRUMENTATION_STATUS: stream=
com.fakestore.DetoxTest:
INSTRUMENTATION_STATUS: test=runDetoxTests
INSTRUMENTATION_STATUS_CODE: 1

13:10:24.747 detox[3504] [90mB[39m connection :51866<->:51933
13:10:24.751 detox[3504] [90mi[39m get
  data: {"messageId":0,"type":"login","params":{"role":"app","sessionId":"cf383df4-dba4-3ebd-ff21-258d86e6d5fa"}}
13:10:24.752 detox[3504] [90mi[39m send
  data: {
    "messageId": 0,
    "type": "loginSuccess",
    "params": {
      "testerConnected": true,
      "appConnected": true
    }
  }
13:10:24.752 detox[3504] [90mi[39m app joined session cf383df4-dba4-3ebd-ff21-258d86e6d5fa
13:10:24.752 detox[3504] [90mi[39m send
  data: {
    "type": "appConnected"
  }
13:10:24.755 detox[3505] [90mi[39m get message
  data: {"type":"appConnected"}
   
13:10:24.759 detox[3505] [90mi[39m send message
  data: {"type":"isReady","params":{},"messageId":-1000}
13:10:24.761 detox[3504] [90mi[39m get
  data: {"type":"isReady","params":{},"messageId":-1000}
13:10:24.761 detox[3504] [90mi[39m send
  data: {
    "type": "isReady",
    "params": {},
    "messageId": -1000
  }
13:10:26.193 detox[3504] [90mi[39m get
  data: {"messageId":-1000,"type":"ready","params":{}}
13:10:26.194 detox[3504] [90mi[39m send
  data: {
    "messageId": -1000,
    "type": "ready",
    "params": {}
  }
13:10:26.195 detox[3505] [90mi[39m get message
  data: {"messageId":-1000,"type":"ready","params":{}}
   
13:10:26.198 detox[3505] [90mB[39m onAppReady
  args: ({"deviceId":"b6b897f1","bundleId":"com.fakestore","pid":8139})
13:10:26.199 detox[3505] [90mE[39m onAppReady
13:10:26.199 detox[3505] [90mE[39m launchApp
13:10:26.200 detox[3505] [90mE[39m beforeAll
13:10:26.201 detox[3505] [90mB[39m should have splash screen
13:10:26.202 detox[3505] [90mi[39m Example: should have splash screen
13:10:26.204 detox[3505] [90mB[39m onTestStart
  args: ({"title":"should have splash screen","fullName":"Example should have splash screen","status":"running","invocations":1})
13:10:26.205 detox[3505] [90mi[39m stopping ADBLogcatRecording
13:10:26.206 detox[3505] [90mi[39m "/Users/priyaranganathan/Library/Android/sdk/platform-tools/adb" -s b6b897f1 shell "date +\"%m-%d %T.000\""
13:10:26.229 detox[3504] [90mi[39m get
  data: {"messageId":-1000,"type":"ready","params":{}}
13:10:26.229 detox[3504] [90mi[39m send
  data: {
    "messageId": -1000,
    "type": "ready",
    "params": {}
  }
13:10:26.229 detox[3505] [90mi[39m get message
  data: {"messageId":-1000,"type":"ready","params":{}}
   
13:10:26.280 detox[3505] [90mi[39m 05-19 13:10:24.000

13:10:26.282 detox[3505] [90mi[39m sending SIGINT to: /Users/priyaranganathan/Library/Android/sdk/platform-tools/adb -s b6b897f1 shell logcat -T "05-19 13:10:21.000" --pid=8139 -f /sdcard/131012147_0.log
13:10:26.284 detox[3505] [90mi[39m /Users/priyaranganathan/Library/Android/sdk/platform-tools/adb -s b6b897f1 shell "logcat -T \"05-19 13:10:21.000\" --pid=8139 -f /sdcard/131012147_0.log" terminated with SIGINT
13:10:26.284 detox[3505] [90mi[39m starting ADBLogcatRecording
13:10:26.293 detox[3505] [90mi[39m /Users/priyaranganathan/Library/Android/sdk/platform-tools/adb -s b6b897f1 shell "logcat -T \"05-19 13:10:24.000\" --pid=8139 -f /sdcard/131012147_1.log"
13:10:26.293 detox[3505] [90mE[39m onTestStart
13:10:26.293 detox[3505] [90mB[39m beforeEach
13:10:26.293 detox[3505] [90mE[39m beforeEach
13:10:26.294 detox[3505] [90mB[39m test_fn
13:10:26.296 detox[3505] [90mi[39m send message
  data: {"type":"invoke","params":{"target":{"type":"Class","value":"com.wix.detox.espresso.DetoxAssertion"},"method":"waitForAssertMatcher","args":[{"type":"Invocation","value":{"target":{"type":"Class","value":"androidx.test.espresso.Espresso"},"method":"onView","args":[{"type":"Invocation","value":{"target":{"type":"Class","value":"com.wix.detox.espresso.DetoxMatcher"},"method":"matcherForText","args":["Fake Store"]}}]}},{"type":"Invocation","value":{"target":{"type":"Class","value":"com.wix.detox.espresso.DetoxMatcher"},"method":"matcherForSufficientlyVisible","args":[{"type":"Integer","value":75}]}},{"type":"Double","value":3}]},"messageId":1}
13:10:26.297 detox[3504] [90mi[39m get
  data: {"type":"invoke","params":{"target":{"type":"Class","value":"com.wix.detox.espresso.DetoxAssertion"},"method":"waitForAssertMatcher","args":[{"type":"Invocation","value":{"target":{"type":"Class","value":"androidx.test.espresso.Espresso"},"method":"onView","args":[{"type":"Invocation","value":{"target":{"type":"Class","value":"com.wix.detox.espresso.DetoxMatcher"},"method":"matcherForText","args":["Fake Store"]}}]}},{"type":"Invocation","value":{"target":{"type":"Class","value":"com.wix.detox.espresso.DetoxMatcher"},"method":"matcherForSufficientlyVisible","args":[{"type":"Integer","value":75}]}},{"type":"Double","value":3}]},"messageId":1}
13:10:26.297 detox[3504] [90mi[39m send
  data: {
    "type": "invoke",
    "params": {
      "target": {
        "type": "Class",
        "value": "com.wix.detox.espresso.DetoxAssertion"
      },
      "method": "waitForAssertMatcher",
      "args": [
        {
          "type": "Invocation",
          "value": {
            "target": {
              "type": "Class",
              "value": "androidx.test.espresso.Espresso"
            },
            "method": "onView",
            "args": [
              {
                "type": "Invocation",
                "value": {
                  "target": {
                    "type": "Class",
                    "value": "com.wix.detox.espresso.DetoxMatcher"
                  },
                  "method": "matcherForText",
                  "args": [
                    "Fake Store"
                  ]
                }
              }
            ]
          }
        },
        {
          "type": "Invocation",
          "value": {
            "target": {
              "type": "Class",
              "value": "com.wix.detox.espresso.DetoxMatcher"
            },
            "method": "matcherForSufficientlyVisible",
            "args": [
              {
                "type": "Integer",
                "value": 75
              }
            ]
          }
        },
        {
          "type": "Double",
          "value": 3
        }
      ]
    },
    "messageId": 1
  }
13:10:26.298 detox[3505] [90mB[39m undefined with timeout (3000 ms)
  data: {
    "target": {
      "type": "Class",
      "value": "com.wix.detox.espresso.DetoxAssertion"
    },
    "method": "waitForAssertMatcher",
    "args": [
      {
        "type": "Invocation",
        "value": {
          "target": {
            "type": "Class",
            "value": "androidx.test.espresso.Espresso"
          },
          "method": "onView",
          "args": [
            {
              "type": "Invocation",
              "value": {
                "target": {
                  "type": "Class",
                  "value": "com.wix.detox.espresso.DetoxMatcher"
                },
                "method": "matcherForText",
                "args": [
                  "Fake Store"
                ]
              }
            }
          ]
        }
      },
      {
        "type": "Invocation",
        "value": {
          "target": {
            "type": "Class",
            "value": "com.wix.detox.espresso.DetoxMatcher"
          },
          "method": "matcherForSufficientlyVisible",
          "args": [
            {
              "type": "Integer",
              "value": 75
            }
          ]
        }
      },
      {
        "type": "Double",
        "value": 3
      }
    ]
  }
13:10:26.326 detox[3504] [90mi[39m get
  data: {"messageId":1,"type":"invokeResult","params":{"result":null}}
13:10:26.326 detox[3504] [90mi[39m send
  data: {
    "messageId": 1,
    "type": "invokeResult",
    "params": {
      "result": null
    }
  }
13:10:26.327 detox[3505] [90mi[39m get message
  data: {"messageId":1,"type":"invokeResult","params":{"result":null}}
   
13:10:26.327 detox[3505] [90mE[39m undefined with timeout (3000 ms)
13:10:26.328 detox[3504] [90mi[39m get
  data: {"type":"invoke","params":{"target":{"type":"Class","value":"com.wix.detox.espresso.DetoxAssertion"},"method":"waitForAssertMatcher","args":[{"type":"Invocation","value":{"target":{"type":"Class","value":"androidx.test.espresso.Espresso"},"method":"onView","args":[{"type":"Invocation","value":{"target":{"type":"Class","value":"com.wix.detox.espresso.DetoxMatcher"},"method":"matcherForText","args":["Find your Gadget"]}}]}},{"type":"Invocation","value":{"target":{"type":"Class","value":"com.wix.detox.espresso.DetoxMatcher"},"method":"matcherForSufficientlyVisible","args":[{"type":"Integer","value":75}]}},{"type":"Double","value":3}]},"messageId":2}
13:10:26.328 detox[3504] [90mi[39m send
  data: {
    "type": "invoke",
    "params": {
      "target": {
        "type": "Class",
        "value": "com.wix.detox.espresso.DetoxAssertion"
      },
      "method": "waitForAssertMatcher",
      "args": [
        {
          "type": "Invocation",
          "value": {
            "target": {
              "type": "Class",
              "value": "androidx.test.espresso.Espresso"
            },
            "method": "onView",
            "args": [
              {
                "type": "Invocation",
                "value": {
                  "target": {
                    "type": "Class",
                    "value": "com.wix.detox.espresso.DetoxMatcher"
                  },
                  "method": "matcherForText",
                  "args": [
                    "Find your Gadget"
                  ]
                }
              }
            ]
          }
        },
        {
          "type": "Invocation",
          "value": {
            "target": {
              "type": "Class",
              "value": "com.wix.detox.espresso.DetoxMatcher"
            },
            "method": "matcherForSufficientlyVisible",
            "args": [
              {
                "type": "Integer",
                "value": 75
              }
            ]
          }
        },
        {
          "type": "Double",
          "value": 3
        }
      ]
    },
    "messageId": 2
  }
13:10:26.328 detox[3505] [90mi[39m send message
  data: {"type":"invoke","params":{"target":{"type":"Class","value":"com.wix.detox.espresso.DetoxAssertion"},"method":"waitForAssertMatcher","args":[{"type":"Invocation","value":{"target":{"type":"Class","value":"androidx.test.espresso.Espresso"},"method":"onView","args":[{"type":"Invocation","value":{"target":{"type":"Class","value":"com.wix.detox.espresso.DetoxMatcher"},"method":"matcherForText","args":["Find your Gadget"]}}]}},{"type":"Invocation","value":{"target":{"type":"Class","value":"com.wix.detox.espresso.DetoxMatcher"},"method":"matcherForSufficientlyVisible","args":[{"type":"Integer","value":75}]}},{"type":"Double","value":3}]},"messageId":2}
13:10:26.328 detox[3505] [90mB[39m undefined with timeout (3000 ms)
  data: {
    "target": {
      "type": "Class",
      "value": "com.wix.detox.espresso.DetoxAssertion"
    },
    "method": "waitForAssertMatcher",
    "args": [
      {
        "type": "Invocation",
        "value": {
          "target": {
            "type": "Class",
            "value": "androidx.test.espresso.Espresso"
          },
          "method": "onView",
          "args": [
            {
              "type": "Invocation",
              "value": {
                "target": {
                  "type": "Class",
                  "value": "com.wix.detox.espresso.DetoxMatcher"
                },
                "method": "matcherForText",
                "args": [
                  "Find your Gadget"
                ]
              }
            }
          ]
        }
      },
      {
        "type": "Invocation",
        "value": {
          "target": {
            "type": "Class",
            "value": "com.wix.detox.espresso.DetoxMatcher"
          },
          "method": "matcherForSufficientlyVisible",
          "args": [
            {
              "type": "Integer",
              "value": 75
            }
          ]
        }
      },
      {
        "type": "Double",
        "value": 3
      }
    ]
  }
13:10:26.595 detox[3505] [90mi[39m "/Users/priyaranganathan/Library/Android/sdk/platform-tools/adb" -s b6b897f1 shell du /sdcard/131012147_1.log
13:10:26.672 detox[3505] [90mi[39m 8	/sdcard/131012147_1.log

13:10:27.956 detox[3504] [90mi[39m get
  data: {"messageId":2,"type":"invokeResult","params":{"result":null}}
13:10:27.957 detox[3504] [90mi[39m send
  data: {
    "messageId": 2,
    "type": "invokeResult",
    "params": {
      "result": null
    }
  }
13:10:27.958 detox[3505] [90mi[39m get message
  data: {"messageId":2,"type":"invokeResult","params":{"result":null}}
   
13:10:27.959 detox[3505] [90mE[39m undefined with timeout (3000 ms)
13:10:27.961 detox[3505] [90mE[39m test_fn
13:10:27.964 detox[3505] [90mB[39m onTestDone
  args: ({"title":"should have splash screen","fullName":"Example should have splash screen","status":"passed","invocations":1})
13:10:27.964 detox[3505] [90mi[39m stopping ADBLogcatRecording
13:10:27.965 detox[3505] [90mi[39m "/Users/priyaranganathan/Library/Android/sdk/platform-tools/adb" -s b6b897f1 shell "date +\"%m-%d %T.000\""
13:10:28.037 detox[3505] [90mi[39m 05-19 13:10:26.000

13:10:28.038 detox[3505] [90mi[39m sending SIGINT to: /Users/priyaranganathan/Library/Android/sdk/platform-tools/adb -s b6b897f1 shell logcat -T "05-19 13:10:24.000" --pid=8139 -f /sdcard/131012147_1.log
13:10:28.040 detox[3505] [90mi[39m /Users/priyaranganathan/Library/Android/sdk/platform-tools/adb -s b6b897f1 shell "logcat -T \"05-19 13:10:24.000\" --pid=8139 -f /sdcard/131012147_1.log" terminated with SIGINT
13:10:28.044 detox[3505] [90mE[39m onTestDone
13:10:28.044 detox[3505] [90mE[39m should have splash screen
13:10:28.044 detox[3505] [90mi[39m Example: should have splash screen [OK]
13:10:28.047 detox[3505] [90mB[39m onRunDescribeFinish
  args: ({"name":"Example"})
13:10:28.047 detox[3505] [90mE[39m onRunDescribeFinish
13:10:28.047 detox[3505] [90mE[39m Example
13:10:28.047 detox[3505] [90mB[39m onRunDescribeFinish
  args: ({"name":"ROOT_DESCRIBE_BLOCK"})
13:10:28.048 detox[3505] [90mE[39m onRunDescribeFinish
13:10:28.048 detox[3505] [90mE[39m run the tests
13:10:28.049 detox[3505] [90mB[39m tear down environment
13:10:28.050 detox[3505] [90mB[39m onBeforeCleanup
  args: ()
13:10:28.051 detox[3505] [90mi[39m saving ADBLogcatRecording to: artifacts/android.att.debug.2023-05-19 07-40-11Z/✓ Example should have splash screen/device.log
13:10:28.051 detox[3505] [90mi[39m "/Users/priyaranganathan/Library/Android/sdk/platform-tools/adb" -s b6b897f1 pull "/sdcard/131012147_1.log" "artifacts/android.att.debug.2023-05-19 07-40-11Z/✓ Example should have splash screen/device.log"
13:10:28.090 detox[3505] [90mi[39m /sdcard/131012147_1.log: 1 file pulled, 0 skipped. 5.4 MB/s (12025 bytes in 0.002s)

13:10:28.090 detox[3505] [90mi[39m "/Users/priyaranganathan/Library/Android/sdk/platform-tools/adb" -s b6b897f1 shell "rm  \"/sdcard/131012147_1.log\""
13:10:28.290 detox[3505] [90mi[39m 
13:10:28.291 detox[3505] [90mi[39m saving ADBLogcatRecording to: artifacts/android.att.debug.2023-05-19 07-40-11Z/b6b897f1 2023-05-19 07-40-28Z.startup.log
13:10:28.291 detox[3505] [90mi[39m "/Users/priyaranganathan/Library/Android/sdk/platform-tools/adb" -s b6b897f1 pull "/sdcard/131012147_0.log" "artifacts/android.att.debug.2023-05-19 07-40-11Z/b6b897f1 2023-05-19 07-40-28Z.startup.log"
13:10:28.358 detox[3505] [90mi[39m /sdcard/131012147_0.log: 1 file pulled, 0 skipped. 4.2 MB/s (36367 bytes in 0.008s)

13:10:28.358 detox[3505] [90mi[39m "/Users/priyaranganathan/Library/Android/sdk/platform-tools/adb" -s b6b897f1 shell "rm  \"/sdcard/131012147_0.log\""
13:10:28.422 detox[3505] [90mi[39m 
13:10:28.424 detox[3505] [90mi[39m saving FileArtifact to: artifacts/android.att.debug.2023-05-19 07-40-11Z/detox_pid_3505.json.log { append: true }
13:10:28.424 detox[3505] [90mi[39m saving FileArtifact to: artifacts/android.att.debug.2023-05-19 07-40-11Z/detox_pid_3505.log { append: true }
13:10:28.424 detox[3505] [90mE[39m onBeforeCleanup
13:10:28.426 detox[3504] [90mi[39m get
  data: {"type":"cleanup","params":{"stopRunner":true},"messageId":-49642}
13:10:28.426 detox[3504] [90mi[39m send
  data: {
    "type": "cleanup",
    "params": {
      "stopRunner": true
    },
    "messageId": -49642
  }
13:10:28.426 detox[3505] [90mi[39m send message
  data: {"type":"cleanup","params":{"stopRunner":true},"messageId":-49642}
13:10:28.432 detox[3504] [90mi[39m get
  data: {"messageId":-49642,"type":"cleanupDone","params":{}}
13:10:28.432 detox[3504] [90mi[39m send
  data: {
    "messageId": -49642,
    "type": "cleanupDone",
    "params": {}
  }
13:10:28.433 detox[3505] [90mi[39m get message
  data: {"messageId":-49642,"type":"cleanupDone","params":{}}
   
13:10:28.436 detox[3504] [90mi[39m tester exited session cf383df4-dba4-3ebd-ff21-258d86e6d5fa
13:10:28.436 detox[3504] [90mi[39m send
  data: {
    "type": "testerDisconnected",
    "messageId": -1
  }
13:10:28.437 detox[3504] [90mE[39m connection :51866<->:51867
13:10:28.438 detox[3505] [90mi[39m sending SIGINT to: /Users/priyaranganathan/Library/Android/sdk/platform-tools/adb -s b6b897f1 shell am instrument -w -r -e detoxServer ws://localhost:51866 -e detoxSessionId cf383df4-dba4-3ebd-ff21-258d86e6d5fa -e debug false com.fakestore.test/androidx.test.runner.AndroidJUnitRunner
13:10:28.440 detox[3505] [90mi[39m /Users/priyaranganathan/Library/Android/sdk/platform-tools/adb -s b6b897f1 shell am instrument -w -r -e detoxServer ws://localhost:51866 -e detoxSessionId cf383df4-dba4-3ebd-ff21-258d86e6d5fa -e debug false com.fakestore.test/androidx.test.runner.AndroidJUnitRunner terminated with SIGINT
13:10:28.440 detox[3505] [90mi[39m "/Users/priyaranganathan/Library/Android/sdk/platform-tools/adb" -s b6b897f1 reverse --remove tcp:51866
13:10:28.448 detox[3505] [90mB[39m free
  args: ({"adbName":"b6b897f1"}, {"shutdown":false})
13:10:28.450 detox[3505] [90mE[39m free
13:10:28.451 detox[3505] [90mE[39m tear down environment
13:10:28.451 detox[3505] [90mE[39m e2e/starter.test.js
13:10:28.455 detox[3504] [90mi[39m app exited session cf383df4-dba4-3ebd-ff21-258d86e6d5fa
13:10:28.455 detox[3504] [90mE[39m connection :51866<->:51933
13:10:28.457 detox[3505] [90mi[39m dispatching event to  primary-3504 /tmp/detox.primary-3504  :  reportTestResults , {
  testResults: [
    {
      success: true,
      testFilePath: '/Users/priyaranganathan/Documents/React_Native_Projects/FakeStore/e2e/starter.test.js',
      testExecError: undefined,
      isPermanentFailure: false
    }
  ]
}
13:10:28.458 detox[3504] [90mi[39m received event of :  reportTestResults {
  testResults: [
    {
      success: true,
      testFilePath: '/Users/priyaranganathan/Documents/React_Native_Projects/FakeStore/e2e/starter.test.js',
      isPermanentFailure: false
    }
  ]
}
13:10:28.458 detox[3504] [90mi[39m dispatching event to socket  :  reportTestResultsDone {
  testResults: [
    {
      success: true,
      testFilePath: '/Users/priyaranganathan/Documents/React_Native_Projects/FakeStore/e2e/starter.test.js',
      isPermanentFailure: false
    }
  ]
}
13:10:28.458 detox[3504] [90mi[39m broadcasting event to all known sockets listening to  /tmp/detox.primary-3504  :   sessionStateUpdate {
  testResults: [
    {
      success: true,
      testFilePath: '/Users/priyaranganathan/Documents/React_Native_Projects/FakeStore/e2e/starter.test.js',
      isPermanentFailure: false
    }
  ]
}
13:10:28.458 detox[3505] [90mi[39m ## received events ##
13:10:28.459 detox[3505] [90mi[39m detected event reportTestResultsDone {
  testResults: [
    {
      success: true,
      testFilePath: '/Users/priyaranganathan/Documents/React_Native_Projects/FakeStore/e2e/starter.test.js',
      isPermanentFailure: false
    }
  ]
}
13:10:28.461 detox[3505] [90mi[39m connection closed primary-3504 /tmp/detox.primary-3504 0 tries remaining of 0
13:10:28.461 detox[3505] [90mi[39m secondary-3505 exceeded connection rety amount of  or stopRetrying flag set.
13:10:28.462 detox[3504] [90mi[39m socket disconnected secondary-3505
13:10:28.477 detox[3505] [90mi[39m 
13:10:28.568 detox[3504] [90mE[39m jest --config e2e/jest.config.js
13:10:28.569 detox[3504] [90mi[39m Detox server has been closed gracefully
13:10:28.570 detox[3504] [90mE[39m node_modules/.bin/detox test --configuration android.att.debug --record-logs all
