13:43:58.916 detox[4294] [90mB[39m node_modules/.bin/detox test --configuration android.att.debug --record-logs all
  data: {
    "id": "c4833411-d0e7-b03f-48f3-c981a4fda570",
    "detoxConfig": {
      "configurationName": "android.att.debug",
      "apps": {
        "default": {
          "type": "android.apk",
          "binaryPath": "android/app/build/outputs/apk/debug/app-debug.apk",
          "build": "cd android && ./gradlew assembleDebug assembleAndroidTest -DtestBuildType=debug",
          "reversePorts": [
            8081
          ]
        }
      },
      "artifacts": {
        "rootDir": "artifacts/android.att.debug.2023-05-19 08-13-58Z",
        "plugins": {
          "log": {
            "enabled": true,
            "keepOnlyFailedTestsArtifacts": false
          },
          "screenshot": {
            "enabled": true,
            "shouldTakeAutomaticSnapshots": false,
            "keepOnlyFailedTestsArtifacts": false
          },
          "video": {
            "enabled": false,
            "keepOnlyFailedTestsArtifacts": false
          },
          "instruments": {
            "enabled": false,
            "keepOnlyFailedTestsArtifacts": false
          },
          "uiHierarchy": {
            "enabled": false,
            "keepOnlyFailedTestsArtifacts": false
          }
        }
      },
      "behavior": {
        "init": {
          "keepLockFile": false,
          "reinstallApp": true,
          "exposeGlobals": true
        },
        "cleanup": {
          "shutdownDevice": false
        },
        "launchApp": "auto"
      },
      "cli": {
        "recordLogs": "all",
        "configuration": "android.att.debug",
        "start": true
      },
      "device": {
        "type": "android.attached",
        "device": {
          "adbName": ".*"
        }
      },
      "logger": {
        "level": "info",
        "overrideConsole": true,
        "options": {
          "showLoggerName": true,
          "showPid": true,
          "showLevel": false,
          "showMetadata": false,
          "basepath": "/Users/priyaranganathan/Documents/React_Native_Projects/FakeStore/node_modules/detox/src",
          "prefixers": {},
          "stringifiers": {}
        }
      },
      "testRunner": {
        "retries": 0,
        "forwardEnv": false,
        "bail": false,
        "jest": {
          "setupTimeout": 120000,
          "teardownTimeout": 30000,
          "retryAfterCircusRetries": false,
          "reportWorkerAssign": true
        },
        "args": {
          "$0": "jest",
          "_": [],
          "config": "e2e/jest.config.js",
          "--": []
        }
      },
      "session": {
        "autoStart": true,
        "debugSynchronization": 10000
      }
    },
    "detoxIPCServer": "primary-4294",
    "testResults": [],
    "testSessionIndex": 0,
    "workersCount": 0
  }
13:43:58.921 detox[4294] [90mi[39m Server path not specified, so defaulting to ipc.config.socketRoot + ipc.config.appspace + ipc.config.id /tmp/detox.primary-4294
13:43:58.923 detox[4294] [90mi[39m starting server on  /tmp/detox.primary-4294 
13:43:58.923 detox[4294] [90mi[39m starting TLS server false
13:43:58.923 detox[4294] [90mi[39m starting server as Unix || Windows Socket
13:43:58.928 detox[4294] [90mi[39m Detox server listening on localhost:52728...
13:43:58.933 detox[4294] [90mi[39m Serialized the session state at: /private/var/folders/nh/qgcf94bd36j7y52qsksxp38r0000gn/T/c4833411-d0e7-b03f-48f3-c981a4fda570.detox.json
13:43:58.935 detox[4294] [90mB[39m jest --config e2e/jest.config.js
13:43:59.501 detox[4295] [90mi[39m Service path not specified, so defaulting to ipc.config.socketRoot + ipc.config.appspace + id 
13:43:59.501 detox[4295] [90mi[39m requested connection to  primary-4294 /tmp/detox.primary-4294
13:43:59.501 detox[4295] [90mi[39m Connecting client on Unix Socket : /tmp/detox.primary-4294
13:43:59.502 detox[4294] [90mi[39m ## socket connection to server detected ##
13:43:59.502 detox[4295] [90mi[39m retrying reset
13:43:59.503 detox[4295] [90mi[39m dispatching event to  primary-4294 /tmp/detox.primary-4294  :  registerContext , { id: 'secondary-4295' }
13:43:59.505 detox[4294] [90mi[39m received event of :  registerContext { id: 'secondary-4295' }
13:43:59.506 detox[4294] [90mi[39m dispatching event to socket  :  registerContextDone { testResults: [], testSessionIndex: 0 }
13:43:59.506 detox[4295] [90mi[39m ## received events ##
13:43:59.506 detox[4295] [90mi[39m detected event registerContextDone { testResults: [], testSessionIndex: 0 }
13:43:59.570 detox[4295] [90mB[39m e2e/login.test.js
13:43:59.580 detox[4295] [90mB[39m set up environment
13:43:59.581 detox[4294] [90mi[39m received event of :  registerWorker { workerId: 'w1' }
13:43:59.581 detox[4294] [90mi[39m dispatching event to socket  :  registerWorkerDone { workersCount: 1 }
13:43:59.581 detox[4294] [90mi[39m broadcasting event to all known sockets listening to  /tmp/detox.primary-4294  :   sessionStateUpdate { workersCount: 1 }
13:43:59.581 detox[4295] [90mi[39m dispatching event to  primary-4294 /tmp/detox.primary-4294  :  registerWorker , { workerId: 'w1' }
13:43:59.581 detox[4295] [90mi[39m ## received events ##
13:43:59.581 detox[4295] [90mi[39m detected event registerWorkerDone { workersCount: 1 }
13:43:59.696 detox[4295] [90mi[39m ## received events ##
13:43:59.696 detox[4295] [90mi[39m detected event sessionStateUpdate { workersCount: 1 }
13:43:59.701 detox[4294] [90mB[39m connection :52728<->:52729
13:43:59.702 detox[4295] [90mi[39m opened web socket to: ws://localhost:52728
13:43:59.704 detox[4295] [90mi[39m send message
  data: {"type":"login","params":{"sessionId":"603eb149-09a7-69eb-2b8b-b92eb1159f27","role":"tester"},"messageId":0}
13:43:59.705 detox[4294] [90mi[39m get
  data: {"type":"login","params":{"sessionId":"603eb149-09a7-69eb-2b8b-b92eb1159f27","role":"tester"},"messageId":0}
13:43:59.705 detox[4294] [90mi[39m created session 603eb149-09a7-69eb-2b8b-b92eb1159f27
13:43:59.706 detox[4294] [90mi[39m send
  data: {
    "type": "loginSuccess",
    "params": {
      "testerConnected": true,
      "appConnected": false
    },
    "messageId": 0
  }
13:43:59.706 detox[4294] [90mi[39m tester joined session 603eb149-09a7-69eb-2b8b-b92eb1159f27
13:43:59.706 detox[4295] [90mi[39m get message
  data: {"type":"loginSuccess","params":{"testerConnected":true,"appConnected":false},"messageId":0}
   
13:43:59.736 detox[4295] [90mB[39m allocate
  args: ({"type":"android.attached","device":{"adbName":".*"}})
13:43:59.738 detox[4295] [90mi[39m "/Users/priyaranganathan/Library/Android/sdk/platform-tools/adb"  devices
13:43:59.772 detox[4295] [90mi[39m List of devices attached
b6b897f1	device
adb-b6b897f1-BhBLcd._adb-tls-connect._tcp.	device


13:43:59.773 detox[4295] [90mi[39m Found a matching & free device b6b897f1
13:43:59.774 detox[4295] [90mE[39m allocate
13:43:59.774 detox[4295] [90mB[39m postAllocate
  args: ({"adbName":"b6b897f1"})
13:43:59.774 detox[4295] [90mi[39m "/Users/priyaranganathan/Library/Android/sdk/platform-tools/adb" -s b6b897f1 shell "getprop ro.build.version.sdk"
13:43:59.826 detox[4295] [90mi[39m 30

13:43:59.826 detox[4295] [90mi[39m "/Users/priyaranganathan/Library/Android/sdk/platform-tools/adb" -s b6b897f1 shell "dumpsys power | grep \"^[ ]*m[UW].*=\""
13:43:59.939 detox[4295] [90mi[39m   mWakefulness=Awake
  mWakefulnessChanging=false
  mWakeLockSummary=0x0
  mUserActivitySummary=0x1
  mWakeUpWhenPluggedOrUnpluggedConfig=true
  mWakeUpWhenPluggedOrUnpluggedInTheaterModeConfig=false
  mUserActivityTimeoutOverrideFromWindowManager=-1
  mUserInactiveOverrideFromWindowManager=false
  mUserId=0

13:43:59.940 detox[4295] [90mB[39m onBootDevice
  args: ({"deviceId":"b6b897f1","type":"device","coldBoot":false})
13:43:59.940 detox[4295] [90mE[39m onBootDevice
13:43:59.940 detox[4295] [90mE[39m postAllocate
13:43:59.963 detox[4295] [90mB[39m installUtilBinaries
  args: ()
13:43:59.963 detox[4295] [90mE[39m installUtilBinaries
13:43:59.964 detox[4295] [90mB[39m selectApp
  args: ("default")
13:43:59.965 detox[4295] [90mi[39m "/Users/priyaranganathan/Library/Android/sdk/build-tools/33.0.0/aapt" dump badging "/Users/priyaranganathan/Documents/React_Native_Projects/FakeStore/android/app/build/outputs/apk/debug/app-debug.apk"
13:43:59.993 detox[4295] [90mi[39m package: name='com.fakestore' versionCode='1' versionName='1.0' platformBuildVersionName='12' platformBuildVersionCode='31' compileSdkVersion='31' compileSdkVersionCodename='12'
sdkVersion:'21'
targetSdkVersion:'31'
uses-permission: name='android.permission.SYSTEM_ALERT_WINDOW'
uses-permission: name='android.permission.INTERNET'
uses-permission: name='android.permission.CAMERA'
uses-permission: name='android.permission.WRITE_EXTERNAL_STORAGE'
uses-permission: name='android.permission.ACCESS_FINE_LOCATION'
uses-permission: name='android.permission.ACCESS_COARSE_LOCATION'
uses-permission: name='android.permission.ACCESS_WIFI_STATE'
application-label:'FakeStore'
application-label-af:'FakeStore'
application-label-am:'FakeStore'
application-label-ar:'FakeStore'
application-label-as:'FakeStore'
application-label-az:'FakeStore'
application-label-be:'FakeStore'
application-label-bg:'FakeStore'
application-label-bn:'FakeStore'
application-label-bs:'FakeStore'
application-label-ca:'FakeStore'
application-label-cs:'FakeStore'
application-label-da:'FakeStore'
application-label-de:'FakeStore'
application-label-el:'FakeStore'
application-label-en-AU:'FakeStore'
application-label-en-CA:'FakeStore'
application-label-en-GB:'FakeStore'
application-label-en-IN:'FakeStore'
application-label-en-XC:'FakeStore'
application-label-es:'FakeStore'
application-label-es-US:'FakeStore'
application-label-et:'FakeStore'
application-label-eu:'FakeStore'
application-label-fa:'FakeStore'
application-label-fi:'FakeStore'
application-label-fr:'FakeStore'
application-label-fr-CA:'FakeStore'
application-label-gl:'FakeStore'
application-label-gu:'FakeStore'
application-label-hi:'FakeStore'
application-label-hr:'FakeStore'
application-label-hu:'FakeStore'
application-label-hy:'FakeStore'
application-label-in:'FakeStore'
application-label-is:'FakeStore'
application-label-it:'FakeStore'
application-label-iw:'FakeStore'
application-label-ja:'FakeStore'
application-label-ka:'FakeStore'
application-label-kk:'FakeStore'
application-label-km:'FakeStore'
application-label-kn:'FakeStore'
application-label-ko:'FakeStore'
application-label-ky:'FakeStore'
application-label-lo:'FakeStore'
application-label-lt:'FakeStore'
application-label-lv:'FakeStore'
application-label-mk:'FakeStore'
application-label-ml:'FakeStore'
application-label-mn:'FakeStore'
application-label-mr:'FakeStore'
application-label-ms:'FakeStore'
application-label-my:'FakeStore'
application-label-nb:'FakeStore'
application-label-ne:'FakeStore'
application-label-nl:'FakeStore'
application-label-or:'FakeStore'
application-label-pa:'FakeStore'
application-label-pl:'FakeStore'
application-label-pt:'FakeStore'
application-label-pt-BR:'FakeStore'
application-label-pt-PT:'FakeStore'
application-label-ro:'FakeStore'
application-label-ru:'FakeStore'
application-label-si:'FakeStore'
application-label-sk:'FakeStore'
application-label-sl:'FakeStore'
application-label-sq:'FakeStore'
application-label-sr:'FakeStore'
application-label-sr-Latn:'FakeStore'
application-label-sv:'FakeStore'
application-label-sw:'FakeStore'
application-label-ta:'FakeStore'
application-label-te:'FakeStore'
application-label-th:'FakeStore'
application-label-tl:'FakeStore'
application-label-tr:'FakeStore'
application-label-uk:'FakeStore'
application-label-ur:'FakeStore'
application-label-uz:'FakeStore'
application-label-vi:'FakeStore'
application-label-zh-CN:'FakeStore'
application-label-zh-HK:'FakeStore'
application-label-zh-TW:'FakeStore'
application-label-zu:'FakeStore'
application-icon-160:'res/mipmap-mdpi-v4/ic_launcher.png'
application-icon-240:'res/mipmap-hdpi-v4/ic_launcher.png'
application-icon-320:'res/mipmap-xhdpi-v4/ic_launcher.png'
application-icon-480:'res/mipmap-xxhdpi-v4/ic_launcher.png'
application-icon-640:'res/mipmap-xxxhdpi-v4/ic_launcher.png'
application-icon-65534:'res/mipmap-mdpi-v4/ic_launcher.png'
application: label='FakeStore' icon='res/mipmap-mdpi-v4/ic_launcher.png'
application-debuggable
launchable-activity: name='com.fakestore.MainActivity'  label='FakeStore' icon=''
uses-permission: name='android.permission.READ_EXTERNAL_STORAGE'
uses-implied-permission: name='android.permission.READ_EXTERNAL_STORAGE' reason='requested WRITE_EXTERNAL_STORAGE'
feature-group: label=''
  uses-feature: name='android.hardware.camera'
  uses-implied-feature: name='android.hardware.camera' reason='requested android.permission.CAMERA permission'
  uses-feature: name='android.hardware.faketouch'
  uses-implied-feature: name='android.hardware.faketouch' reason='default feature for all apps'
  uses-feature: name='android.hardware.location'
  uses-implied-feature: name='android.hardware.location' reason='requested android.permission.ACCESS_COARSE_LOCATION permission, and requested android.permission.ACCESS_FINE_LOCATION permission'
  uses-feature: name='android.hardware.wifi'
  uses-implied-feature: name='android.hardware.wifi' reason='requested android.permission.ACCESS_WIFI_STATE permission'
main
other-activities
supports-screens: 'small' 'normal' 'large' 'xlarge'
supports-any-density: 'true'
locales: '--_--' 'af' 'am' 'ar' 'as' 'az' 'be' 'bg' 'bn' 'bs' 'ca' 'cs' 'da' 'de' 'el' 'en-AU' 'en-CA' 'en-GB' 'en-IN' 'en-XC' 'es' 'es-US' 'et' 'eu' 'fa' 'fi' 'fr' 'fr-CA' 'gl' 'gu' 'hi' 'hr' 'hu' 'hy' 'in' 'is' 'it' 'iw' 'ja' 'ka' 'kk' 'km' 'kn' 'ko' 'ky' 'lo' 'lt' 'lv' 'mk' 'ml' 'mn' 'mr' 'ms' 'my' 'nb' 'ne' 'nl' 'or' 'pa' 'pl' 'pt' 'pt-BR' 'pt-PT' 'ro' 'ru' 'si' 'sk' 'sl' 'sq' 'sr' 'sr-Latn' 'sv' 'sw' 'ta' 'te' 'th' 'tl' 'tr' 'uk' 'ur' 'uz' 'vi' 'zh-CN' 'zh-HK' 'zh-TW' 'zu'
densities: '160' '240' '320' '480' '640' '65534'
native-code: 'arm64-v8a' 'armeabi-v7a' 'x86' 'x86_64'

13:43:59.994 detox[4295] [90mE[39m selectApp
13:43:59.994 detox[4295] [90mB[39m uninstallApp
  args: ()
13:43:59.994 detox[4295] [90mB[39m onBeforeUninstallApp
  args: ({"deviceId":"b6b897f1","bundleId":"com.fakestore"})
13:43:59.994 detox[4295] [90mE[39m onBeforeUninstallApp
13:43:59.995 detox[4295] [90mi[39m "/Users/priyaranganathan/Library/Android/sdk/platform-tools/adb" -s b6b897f1 shell "pm list packages com.fakestore"
13:44:00.077 detox[4295] [90mi[39m package:com.fakestore.test
package:com.fakestore

13:44:00.078 detox[4295] [90mi[39m "/Users/priyaranganathan/Library/Android/sdk/platform-tools/adb" -s b6b897f1 uninstall com.fakestore
13:44:00.585 detox[4295] [90mi[39m Success

13:44:00.585 detox[4295] [90mi[39m "/Users/priyaranganathan/Library/Android/sdk/platform-tools/adb" -s b6b897f1 shell "pm list packages com.fakestore.test"
13:44:00.665 detox[4295] [90mi[39m package:com.fakestore.test

13:44:00.665 detox[4295] [90mi[39m "/Users/priyaranganathan/Library/Android/sdk/platform-tools/adb" -s b6b897f1 uninstall com.fakestore.test
13:44:02.266 detox[4295] [90mi[39m Success

13:44:02.266 detox[4295] [90mE[39m uninstallApp
13:44:02.267 detox[4295] [90mB[39m selectApp
  args: ("default")
13:44:02.268 detox[4295] [90mB[39m terminateApp
  args: ()
13:44:02.269 detox[4295] [90mB[39m onBeforeTerminateApp
  args: ({"deviceId":"b6b897f1","bundleId":"com.fakestore"})
13:44:02.269 detox[4295] [90mE[39m onBeforeTerminateApp
13:44:02.269 detox[4295] [90mi[39m "/Users/priyaranganathan/Library/Android/sdk/platform-tools/adb" -s b6b897f1 shell "am force-stop com.fakestore"
13:44:02.386 detox[4295] [90mi[39m 
13:44:02.386 detox[4295] [90mB[39m onTerminateApp
  args: ({"deviceId":"b6b897f1","bundleId":"com.fakestore"})
13:44:02.386 detox[4295] [90mE[39m onTerminateApp
13:44:02.386 detox[4295] [90mE[39m terminateApp
13:44:02.386 detox[4295] [90mE[39m selectApp
13:44:02.387 detox[4295] [90mB[39m installApp
  args: ()
13:44:02.387 detox[4295] [90mi[39m "/Users/priyaranganathan/Library/Android/sdk/build-tools/33.0.0/aapt" dump xmlstrings "/Users/priyaranganathan/Documents/React_Native_Projects/FakeStore/android/app/build/outputs/apk/debug/app-debug.apk" AndroidManifest.xml
13:44:02.413 detox[4295] [90mi[39m String pool of 63 unique UTF-16 non-sorted strings, 63 entries and 0 styles using 3000 bytes:
String #0: theme
String #1: label
String #2: icon
String #3: name
String #4: debuggable
String #5: exported
String #6: authorities
String #7: grantUriPermissions
String #8: launchMode
String #9: configChanges
String #10: value
String #11: resource
String #12: minSdkVersion
String #13: versionCode
String #14: versionName
String #15: windowSoftInputMode
String #16: targetSdkVersion
String #17: allowBackup
String #18: usesCleartextTraffic
String #19: networkSecurityConfig
String #20: roundIcon
String #21: compileSdkVersion
String #22: compileSdkVersionCodename
String #23: appComponentFactory
String #24: 1.0
String #25: 12
String #26: action
String #27: activity
String #28: android
String #29: android.intent.action.MAIN
String #30: android.intent.category.LAUNCHER
String #31: android.permission.ACCESS_COARSE_LOCATION
String #32: android.permission.ACCESS_FINE_LOCATION
String #33: android.permission.ACCESS_WIFI_STATE
String #34: android.permission.CAMERA
String #35: android.permission.INTERNET
String #36: android.permission.SYSTEM_ALERT_WINDOW
String #37: android.permission.WRITE_EXTERNAL_STORAGE
String #38: android.support.FILE_PROVIDER_PATHS
String #39: androidx.core.app.CoreComponentFactory
String #40: androidx.emoji2.text.EmojiCompatInitializer
String #41: androidx.lifecycle.ProcessLifecycleInitializer
String #42: androidx.startup
String #43: androidx.startup.InitializationProvider
String #44: application
String #45: category
String #46: com.facebook.react.devsupport.DevSettingsActivity
String #47: com.fakestore
String #48: com.fakestore.MainActivity
String #49: com.fakestore.MainApplication
String #50: com.fakestore.androidx-startup
String #51: com.fakestore.imagepickerprovider
String #52: com.imagepicker.ImagePickerProvider
String #53: http://schemas.android.com/apk/res/android
String #54: intent-filter
String #55: manifest
String #56: meta-data
String #57: package
String #58: platformBuildVersionCode
String #59: platformBuildVersionName
String #60: provider
String #61: uses-permission
String #62: uses-sdk

13:44:02.414 detox[4295] [90mi[39m "/Users/priyaranganathan/Library/Android/sdk/build-tools/33.0.0/aapt" dump xmlstrings "/Users/priyaranganathan/Documents/React_Native_Projects/FakeStore/android/app/build/outputs/apk/androidTest/debug/app-debug-androidTest.apk" AndroidManifest.xml
13:44:02.439 detox[4295] [90mi[39m String pool of 42 unique UTF-16 non-sorted strings, 42 entries and 0 styles using 2060 bytes:
String #0: theme
String #1: label
String #2: name
String #3: debuggable
String #4: exported
String #5: priority
String #6: targetPackage
String #7: handleProfiling
String #8: functionalTest
String #9: minSdkVersion
String #10: targetSdkVersion
String #11: compileSdkVersion
String #12: compileSdkVersionCodename
String #13: 12
String #14: Tests for com.fakestore
String #15: activity
String #16: android
String #17: android.intent.category.LAUNCHER
String #18: android.permission.REORDER_TASKS
String #19: android.test.runner
String #20: androidx.test.core.app.InstrumentationActivityInvoker$BootstrapActivity
String #21: androidx.test.core.app.InstrumentationActivityInvoker$EmptyActivity
String #22: androidx.test.core.app.InstrumentationActivityInvoker$EmptyFloatingActivity
String #23: androidx.test.orchestrator
String #24: androidx.test.runner.AndroidJUnitRunner
String #25: androidx.test.services
String #26: application
String #27: category
String #28: com.fakestore
String #29: com.fakestore.test
String #30: com.google.android.apps.common.testing.services
String #31: http://schemas.android.com/apk/res/android
String #32: instrumentation
String #33: intent-filter
String #34: manifest
String #35: package
String #36: platformBuildVersionCode
String #37: platformBuildVersionName
String #38: queries
String #39: uses-library
String #40: uses-permission
String #41: uses-sdk

13:44:02.447 detox[4295] [90mi[39m /Users/priyaranganathan/Library/Android/sdk/platform-tools/adb -s b6b897f1 install -r -g -t /Users/priyaranganathan/Documents/React_Native_Projects/FakeStore/android/app/build/outputs/apk/debug/app-debug.apk
13:44:06.366 detox[4295] [90mi[39m Performing Streamed Install
Success

13:44:06.369 detox[4295] [90mi[39m /Users/priyaranganathan/Library/Android/sdk/platform-tools/adb -s b6b897f1 install -r -g -t /Users/priyaranganathan/Documents/React_Native_Projects/FakeStore/android/app/build/outputs/apk/debug/app-debug.apk exited with code #0
13:44:06.381 detox[4295] [90mi[39m /Users/priyaranganathan/Library/Android/sdk/platform-tools/adb -s b6b897f1 install -r -g -t /Users/priyaranganathan/Documents/React_Native_Projects/FakeStore/android/app/build/outputs/apk/androidTest/debug/app-debug-androidTest.apk
13:44:09.757 detox[4295] [90mi[39m Performing Streamed Install
Success

13:44:09.762 detox[4295] [90mi[39m /Users/priyaranganathan/Library/Android/sdk/platform-tools/adb -s b6b897f1 install -r -g -t /Users/priyaranganathan/Documents/React_Native_Projects/FakeStore/android/app/build/outputs/apk/androidTest/debug/app-debug-androidTest.apk exited with code #0
13:44:09.763 detox[4295] [90mB[39m reverseTcpPort
  args: (8081)
13:44:09.764 detox[4295] [90mi[39m "/Users/priyaranganathan/Library/Android/sdk/platform-tools/adb" -s b6b897f1 reverse tcp:8081 tcp:8081
13:44:09.821 detox[4295] [90mi[39m 
13:44:09.822 detox[4295] [90mE[39m reverseTcpPort
13:44:09.822 detox[4295] [90mE[39m installApp
13:44:09.822 detox[4295] [90mB[39m selectApp
  args: ("default")
13:44:09.822 detox[4295] [90mB[39m terminateApp
  args: ()
13:44:09.822 detox[4295] [90mB[39m onBeforeTerminateApp
  args: ({"deviceId":"b6b897f1","bundleId":"com.fakestore"})
13:44:09.822 detox[4295] [90mE[39m onBeforeTerminateApp
13:44:09.823 detox[4295] [90mi[39m "/Users/priyaranganathan/Library/Android/sdk/platform-tools/adb" -s b6b897f1 shell "am force-stop com.fakestore"
13:44:10.051 detox[4295] [90mi[39m 
13:44:10.051 detox[4295] [90mB[39m onTerminateApp
  args: ({"deviceId":"b6b897f1","bundleId":"com.fakestore"})
13:44:10.052 detox[4295] [90mE[39m onTerminateApp
13:44:10.052 detox[4295] [90mE[39m terminateApp
13:44:10.052 detox[4295] [90mE[39m selectApp
13:44:10.053 detox[4295] [90mE[39m set up environment
13:44:10.404 detox[4295] [90mi[39m login.test.js is assigned to AttachedDevice:b6b897f1
13:44:10.405 detox[4295] [90mB[39m run the tests
13:44:10.405 detox[4295] [90mB[39m onRunDescribeStart
  args: ({"name":"ROOT_DESCRIBE_BLOCK"})
13:44:10.405 detox[4295] [90mE[39m onRunDescribeStart
13:44:10.406 detox[4295] [90mB[39m LoginScreen
13:44:10.406 detox[4295] [90mB[39m onRunDescribeStart
  args: ({"name":"LoginScreen"})
13:44:10.406 detox[4295] [90mE[39m onRunDescribeStart
13:44:10.407 detox[4295] [90mB[39m beforeAll
13:44:10.411 detox[4295] [90mB[39m launchApp
  args: ()
13:44:10.412 detox[4295] [90mB[39m terminateApp
  args: ("com.fakestore")
13:44:10.412 detox[4295] [90mB[39m onBeforeTerminateApp
  args: ({"deviceId":"b6b897f1","bundleId":"com.fakestore"})
13:44:10.412 detox[4295] [90mE[39m onBeforeTerminateApp
13:44:10.412 detox[4295] [90mi[39m "/Users/priyaranganathan/Library/Android/sdk/platform-tools/adb" -s b6b897f1 shell "am force-stop com.fakestore"
13:44:10.512 detox[4295] [90mi[39m 
13:44:10.512 detox[4295] [90mB[39m onTerminateApp
  args: ({"deviceId":"b6b897f1","bundleId":"com.fakestore"})
13:44:10.513 detox[4295] [90mE[39m onTerminateApp
13:44:10.513 detox[4295] [90mE[39m terminateApp
13:44:10.513 detox[4295] [90mB[39m onBeforeLaunchApp
  args: ({"deviceId":"b6b897f1","bundleId":"com.fakestore","launchArgs":{"detoxServer":"ws://localhost:52728","detoxSessionId":"603eb149-09a7-69eb-2b8b-b92eb1159f27"}})
13:44:10.514 detox[4295] [90mi[39m "/Users/priyaranganathan/Library/Android/sdk/platform-tools/adb" -s b6b897f1 shell "date +\"%m-%d %T.000\""
13:44:10.587 detox[4295] [90mi[39m 05-19 13:44:08.000

13:44:10.587 detox[4295] [90mE[39m onBeforeLaunchApp
13:44:10.587 detox[4295] [90mi[39m "/Users/priyaranganathan/Library/Android/sdk/platform-tools/adb" -s b6b897f1 reverse tcp:52728 tcp:52728
13:44:10.621 detox[4295] [90mi[39m 52728

13:44:10.622 detox[4295] [90mi[39m "/Users/priyaranganathan/Library/Android/sdk/platform-tools/adb" -s b6b897f1 shell "pm list instrumentation"
13:44:10.721 detox[4295] [90mi[39m instrumentation:com.fakestore.test/androidx.test.runner.AndroidJUnitRunner (target=com.fakestore)

13:44:10.731 detox[4295] [90mi[39m /Users/priyaranganathan/Library/Android/sdk/platform-tools/adb -s b6b897f1 shell am instrument -w -r -e detoxServer ws://localhost:52728 -e detoxSessionId 603eb149-09a7-69eb-2b8b-b92eb1159f27 -e debug false com.fakestore.test/androidx.test.runner.AndroidJUnitRunner
13:44:11.236 detox[4295] [90mi[39m "/Users/priyaranganathan/Library/Android/sdk/platform-tools/adb" -s b6b897f1 shell "ps | grep \"com\.fakestore$\""
13:44:11.432 detox[4295] [90mi[39m u0_a1055      19762    951 5853060 134612 0                   0 R com.fakestore

13:44:11.433 detox[4295] [90mB[39m onLaunchApp
  args: ({"deviceId":"b6b897f1","bundleId":"com.fakestore","launchArgs":{"detoxServer":"ws://localhost:52728","detoxSessionId":"603eb149-09a7-69eb-2b8b-b92eb1159f27"},"pid":19762})
13:44:11.435 detox[4295] [90mi[39m starting ADBLogcatRecording
13:44:11.452 detox[4295] [90mi[39m /Users/priyaranganathan/Library/Android/sdk/platform-tools/adb -s b6b897f1 shell "logcat -T \"05-19 13:44:08.000\" --pid=19762 -f /sdcard/134359731_0.log"
13:44:11.452 detox[4295] [90mE[39m onLaunchApp
13:44:11.756 detox[4295] [90mi[39m "/Users/priyaranganathan/Library/Android/sdk/platform-tools/adb" -s b6b897f1 shell du /sdcard/134359731_0.log
13:44:11.847 detox[4295] [90mi[39m 16	/sdcard/134359731_0.log

13:44:12.258 detox[4295] [90mi[39m INSTRUMENTATION_STATUS: class=com.fakestore.DetoxTest
INSTRUMENTATION_STATUS: current=1
INSTRUMENTATION_STATUS: id=AndroidJUnitRunner
INSTRUMENTATION_STATUS: numtests=1
INSTRUMENTATION_STATUS: stream=
com.fakestore.DetoxTest:
INSTRUMENTATION_STATUS: test=runDetoxTests
INSTRUMENTATION_STATUS_CODE: 1

13:44:12.782 detox[4294] [90mB[39m connection :52728<->:52796
13:44:12.816 detox[4294] [90mi[39m get
  data: {"messageId":0,"type":"login","params":{"role":"app","sessionId":"603eb149-09a7-69eb-2b8b-b92eb1159f27"}}
13:44:12.817 detox[4294] [90mi[39m send
  data: {
    "messageId": 0,
    "type": "loginSuccess",
    "params": {
      "testerConnected": true,
      "appConnected": true
    }
  }
13:44:12.818 detox[4294] [90mi[39m app joined session 603eb149-09a7-69eb-2b8b-b92eb1159f27
13:44:12.818 detox[4294] [90mi[39m send
  data: {
    "type": "appConnected"
  }
13:44:12.820 detox[4295] [90mi[39m get message
  data: {"type":"appConnected"}
   
13:44:12.826 detox[4295] [90mi[39m send message
  data: {"type":"isReady","params":{},"messageId":-1000}
13:44:12.827 detox[4294] [90mi[39m get
  data: {"type":"isReady","params":{},"messageId":-1000}
13:44:12.827 detox[4294] [90mi[39m send
  data: {
    "type": "isReady",
    "params": {},
    "messageId": -1000
  }
13:44:13.929 detox[4294] [90mi[39m get
  data: {"messageId":-1000,"type":"ready","params":{}}
13:44:13.929 detox[4294] [90mi[39m send
  data: {
    "messageId": -1000,
    "type": "ready",
    "params": {}
  }
13:44:13.929 detox[4295] [90mi[39m get message
  data: {"messageId":-1000,"type":"ready","params":{}}
   
13:44:13.930 detox[4295] [90mB[39m onAppReady
  args: ({"deviceId":"b6b897f1","bundleId":"com.fakestore","pid":19762})
13:44:13.930 detox[4295] [90mE[39m onAppReady
13:44:13.930 detox[4295] [90mE[39m launchApp
13:44:13.930 detox[4295] [90mE[39m beforeAll
13:44:13.931 detox[4295] [90mB[39m Should display error messages for missing username and password
13:44:13.931 detox[4295] [90mi[39m LoginScreen: Should display error messages for missing username and password
13:44:13.932 detox[4295] [90mB[39m onTestStart
  args: ({"title":"Should display error messages for missing username and password","fullName":"LoginScreen Should display error messages for missing username and password","status":"running","invocations":1})
13:44:13.932 detox[4295] [90mi[39m stopping ADBLogcatRecording
13:44:13.933 detox[4295] [90mi[39m "/Users/priyaranganathan/Library/Android/sdk/platform-tools/adb" -s b6b897f1 shell "date +\"%m-%d %T.000\""
13:44:13.966 detox[4294] [90mi[39m get
  data: {"messageId":-1000,"type":"ready","params":{}}
13:44:13.966 detox[4294] [90mi[39m send
  data: {
    "messageId": -1000,
    "type": "ready",
    "params": {}
  }
13:44:13.967 detox[4295] [90mi[39m get message
  data: {"messageId":-1000,"type":"ready","params":{}}
   
13:44:14.025 detox[4295] [90mi[39m 05-19 13:44:12.000

13:44:14.026 detox[4295] [90mi[39m sending SIGINT to: /Users/priyaranganathan/Library/Android/sdk/platform-tools/adb -s b6b897f1 shell logcat -T "05-19 13:44:08.000" --pid=19762 -f /sdcard/134359731_0.log
13:44:14.028 detox[4295] [90mi[39m /Users/priyaranganathan/Library/Android/sdk/platform-tools/adb -s b6b897f1 shell "logcat -T \"05-19 13:44:08.000\" --pid=19762 -f /sdcard/134359731_0.log" terminated with SIGINT
13:44:14.028 detox[4295] [90mi[39m starting ADBLogcatRecording
13:44:14.037 detox[4295] [90mi[39m /Users/priyaranganathan/Library/Android/sdk/platform-tools/adb -s b6b897f1 shell "logcat -T \"05-19 13:44:12.000\" --pid=19762 -f /sdcard/134359731_1.log"
13:44:14.037 detox[4295] [90mE[39m onTestStart
13:44:14.037 detox[4295] [90mB[39m beforeEach
13:44:14.038 detox[4295] [90mE[39m beforeEach
13:44:14.038 detox[4295] [90mB[39m test_fn
13:44:14.040 detox[4295] [90mi[39m send message
  data: {"type":"invoke","params":{"target":{"type":"Class","value":"com.wix.detox.espresso.DetoxAssertion"},"method":"waitForAssertMatcher","args":[{"type":"Invocation","value":{"target":{"type":"Class","value":"androidx.test.espresso.Espresso"},"method":"onView","args":[{"type":"Invocation","value":{"target":{"type":"Class","value":"com.wix.detox.espresso.DetoxMatcher"},"method":"matcherForText","args":["Fake Store"]}}]}},{"type":"Invocation","value":{"target":{"type":"Class","value":"com.wix.detox.espresso.DetoxMatcher"},"method":"matcherForSufficientlyVisible","args":[{"type":"Integer","value":75}]}},{"type":"Double","value":3}]},"messageId":1}
13:44:14.041 detox[4294] [90mi[39m get
  data: {"type":"invoke","params":{"target":{"type":"Class","value":"com.wix.detox.espresso.DetoxAssertion"},"method":"waitForAssertMatcher","args":[{"type":"Invocation","value":{"target":{"type":"Class","value":"androidx.test.espresso.Espresso"},"method":"onView","args":[{"type":"Invocation","value":{"target":{"type":"Class","value":"com.wix.detox.espresso.DetoxMatcher"},"method":"matcherForText","args":["Fake Store"]}}]}},{"type":"Invocation","value":{"target":{"type":"Class","value":"com.wix.detox.espresso.DetoxMatcher"},"method":"matcherForSufficientlyVisible","args":[{"type":"Integer","value":75}]}},{"type":"Double","value":3}]},"messageId":1}
13:44:14.041 detox[4294] [90mi[39m send
  data: {
    "type": "invoke",
    "params": {
      "target": {
        "type": "Class",
        "value": "com.wix.detox.espresso.DetoxAssertion"
      },
      "method": "waitForAssertMatcher",
      "args": [
        {
          "type": "Invocation",
          "value": {
            "target": {
              "type": "Class",
              "value": "androidx.test.espresso.Espresso"
            },
            "method": "onView",
            "args": [
              {
                "type": "Invocation",
                "value": {
                  "target": {
                    "type": "Class",
                    "value": "com.wix.detox.espresso.DetoxMatcher"
                  },
                  "method": "matcherForText",
                  "args": [
                    "Fake Store"
                  ]
                }
              }
            ]
          }
        },
        {
          "type": "Invocation",
          "value": {
            "target": {
              "type": "Class",
              "value": "com.wix.detox.espresso.DetoxMatcher"
            },
            "method": "matcherForSufficientlyVisible",
            "args": [
              {
                "type": "Integer",
                "value": 75
              }
            ]
          }
        },
        {
          "type": "Double",
          "value": 3
        }
      ]
    },
    "messageId": 1
  }
13:44:14.042 detox[4295] [90mB[39m undefined with timeout (3000 ms)
  data: {
    "target": {
      "type": "Class",
      "value": "com.wix.detox.espresso.DetoxAssertion"
    },
    "method": "waitForAssertMatcher",
    "args": [
      {
        "type": "Invocation",
        "value": {
          "target": {
            "type": "Class",
            "value": "androidx.test.espresso.Espresso"
          },
          "method": "onView",
          "args": [
            {
              "type": "Invocation",
              "value": {
                "target": {
                  "type": "Class",
                  "value": "com.wix.detox.espresso.DetoxMatcher"
                },
                "method": "matcherForText",
                "args": [
                  "Fake Store"
                ]
              }
            }
          ]
        }
      },
      {
        "type": "Invocation",
        "value": {
          "target": {
            "type": "Class",
            "value": "com.wix.detox.espresso.DetoxMatcher"
          },
          "method": "matcherForSufficientlyVisible",
          "args": [
            {
              "type": "Integer",
              "value": 75
            }
          ]
        }
      },
      {
        "type": "Double",
        "value": 3
      }
    ]
  }
13:44:14.288 detox[4294] [90mi[39m get
  data: {"messageId":1,"type":"invokeResult","params":{"result":null}}
13:44:14.289 detox[4294] [90mi[39m send
  data: {
    "messageId": 1,
    "type": "invokeResult",
    "params": {
      "result": null
    }
  }
13:44:14.290 detox[4295] [90mi[39m get message
  data: {"messageId":1,"type":"invokeResult","params":{"result":null}}
   
13:44:14.291 detox[4295] [90mE[39m undefined with timeout (3000 ms)
13:44:14.295 detox[4295] [90mi[39m send message
  data: {"type":"invoke","params":{"target":{"type":"Class","value":"com.wix.detox.espresso.DetoxAssertion"},"method":"waitForAssertMatcher","args":[{"type":"Invocation","value":{"target":{"type":"Class","value":"androidx.test.espresso.Espresso"},"method":"onView","args":[{"type":"Invocation","value":{"target":{"type":"Class","value":"com.wix.detox.espresso.DetoxMatcher"},"method":"matcherForText","args":["Find your Gadget"]}}]}},{"type":"Invocation","value":{"target":{"type":"Class","value":"com.wix.detox.espresso.DetoxMatcher"},"method":"matcherForSufficientlyVisible","args":[{"type":"Integer","value":75}]}},{"type":"Double","value":3}]},"messageId":2}
13:44:14.296 detox[4294] [90mi[39m get
  data: {"type":"invoke","params":{"target":{"type":"Class","value":"com.wix.detox.espresso.DetoxAssertion"},"method":"waitForAssertMatcher","args":[{"type":"Invocation","value":{"target":{"type":"Class","value":"androidx.test.espresso.Espresso"},"method":"onView","args":[{"type":"Invocation","value":{"target":{"type":"Class","value":"com.wix.detox.espresso.DetoxMatcher"},"method":"matcherForText","args":["Find your Gadget"]}}]}},{"type":"Invocation","value":{"target":{"type":"Class","value":"com.wix.detox.espresso.DetoxMatcher"},"method":"matcherForSufficientlyVisible","args":[{"type":"Integer","value":75}]}},{"type":"Double","value":3}]},"messageId":2}
13:44:14.296 detox[4294] [90mi[39m send
  data: {
    "type": "invoke",
    "params": {
      "target": {
        "type": "Class",
        "value": "com.wix.detox.espresso.DetoxAssertion"
      },
      "method": "waitForAssertMatcher",
      "args": [
        {
          "type": "Invocation",
          "value": {
            "target": {
              "type": "Class",
              "value": "androidx.test.espresso.Espresso"
            },
            "method": "onView",
            "args": [
              {
                "type": "Invocation",
                "value": {
                  "target": {
                    "type": "Class",
                    "value": "com.wix.detox.espresso.DetoxMatcher"
                  },
                  "method": "matcherForText",
                  "args": [
                    "Find your Gadget"
                  ]
                }
              }
            ]
          }
        },
        {
          "type": "Invocation",
          "value": {
            "target": {
              "type": "Class",
              "value": "com.wix.detox.espresso.DetoxMatcher"
            },
            "method": "matcherForSufficientlyVisible",
            "args": [
              {
                "type": "Integer",
                "value": 75
              }
            ]
          }
        },
        {
          "type": "Double",
          "value": 3
        }
      ]
    },
    "messageId": 2
  }
13:44:14.296 detox[4295] [90mB[39m undefined with timeout (3000 ms)
  data: {
    "target": {
      "type": "Class",
      "value": "com.wix.detox.espresso.DetoxAssertion"
    },
    "method": "waitForAssertMatcher",
    "args": [
      {
        "type": "Invocation",
        "value": {
          "target": {
            "type": "Class",
            "value": "androidx.test.espresso.Espresso"
          },
          "method": "onView",
          "args": [
            {
              "type": "Invocation",
              "value": {
                "target": {
                  "type": "Class",
                  "value": "com.wix.detox.espresso.DetoxMatcher"
                },
                "method": "matcherForText",
                "args": [
                  "Find your Gadget"
                ]
              }
            }
          ]
        }
      },
      {
        "type": "Invocation",
        "value": {
          "target": {
            "type": "Class",
            "value": "com.wix.detox.espresso.DetoxMatcher"
          },
          "method": "matcherForSufficientlyVisible",
          "args": [
            {
              "type": "Integer",
              "value": 75
            }
          ]
        }
      },
      {
        "type": "Double",
        "value": 3
      }
    ]
  }
13:44:14.339 detox[4295] [90mi[39m "/Users/priyaranganathan/Library/Android/sdk/platform-tools/adb" -s b6b897f1 shell du /sdcard/134359731_1.log
13:44:14.416 detox[4295] [90mi[39m 8	/sdcard/134359731_1.log

13:44:16.017 detox[4294] [90mi[39m get
  data: {"messageId":2,"type":"invokeResult","params":{"result":null}}
13:44:16.017 detox[4294] [90mi[39m send
  data: {
    "messageId": 2,
    "type": "invokeResult",
    "params": {
      "result": null
    }
  }
13:44:16.019 detox[4295] [90mi[39m get message
  data: {"messageId":2,"type":"invokeResult","params":{"result":null}}
   
13:44:16.020 detox[4295] [90mE[39m undefined with timeout (3000 ms)
13:44:16.025 detox[4295] [90mi[39m send message
  data: {"type":"invoke","params":{"target":{"type":"Class","value":"com.wix.detox.espresso.EspressoDetox"},"method":"perform","args":[{"type":"Invocation","value":{"target":{"type":"Class","value":"androidx.test.espresso.Espresso"},"method":"onView","args":[{"type":"Invocation","value":{"target":{"type":"Class","value":"com.wix.detox.espresso.DetoxMatcher"},"method":"matcherForText","args":["Get Started"]}}]}},{"type":"Invocation","value":{"target":{"type":"Class","value":"com.wix.detox.espresso.DetoxViewActions"},"method":"click","args":[]}}]},"messageId":3}
13:44:16.026 detox[4294] [90mi[39m get
  data: {"type":"invoke","params":{"target":{"type":"Class","value":"com.wix.detox.espresso.EspressoDetox"},"method":"perform","args":[{"type":"Invocation","value":{"target":{"type":"Class","value":"androidx.test.espresso.Espresso"},"method":"onView","args":[{"type":"Invocation","value":{"target":{"type":"Class","value":"com.wix.detox.espresso.DetoxMatcher"},"method":"matcherForText","args":["Get Started"]}}]}},{"type":"Invocation","value":{"target":{"type":"Class","value":"com.wix.detox.espresso.DetoxViewActions"},"method":"click","args":[]}}]},"messageId":3}
13:44:16.026 detox[4294] [90mi[39m send
  data: {
    "type": "invoke",
    "params": {
      "target": {
        "type": "Class",
        "value": "com.wix.detox.espresso.EspressoDetox"
      },
      "method": "perform",
      "args": [
        {
          "type": "Invocation",
          "value": {
            "target": {
              "type": "Class",
              "value": "androidx.test.espresso.Espresso"
            },
            "method": "onView",
            "args": [
              {
                "type": "Invocation",
                "value": {
                  "target": {
                    "type": "Class",
                    "value": "com.wix.detox.espresso.DetoxMatcher"
                  },
                  "method": "matcherForText",
                  "args": [
                    "Get Started"
                  ]
                }
              }
            ]
          }
        },
        {
          "type": "Invocation",
          "value": {
            "target": {
              "type": "Class",
              "value": "com.wix.detox.espresso.DetoxViewActions"
            },
            "method": "click",
            "args": []
          }
        }
      ]
    },
    "messageId": 3
  }
13:44:16.026 detox[4295] [90mB[39m tap
  data: {
    "target": {
      "type": "Class",
      "value": "com.wix.detox.espresso.EspressoDetox"
    },
    "method": "perform",
    "args": [
      {
        "type": "Invocation",
        "value": {
          "target": {
            "type": "Class",
            "value": "androidx.test.espresso.Espresso"
          },
          "method": "onView",
          "args": [
            {
              "type": "Invocation",
              "value": {
                "target": {
                  "type": "Class",
                  "value": "com.wix.detox.espresso.DetoxMatcher"
                },
                "method": "matcherForText",
                "args": [
                  "Get Started"
                ]
              }
            }
          ]
        }
      },
      {
        "type": "Invocation",
        "value": {
          "target": {
            "type": "Class",
            "value": "com.wix.detox.espresso.DetoxViewActions"
          },
          "method": "click",
          "args": []
        }
      }
    ]
  }
13:44:17.003 detox[4294] [90mi[39m get
  data: {"messageId":3,"type":"invokeResult","params":{"result":null}}
13:44:17.003 detox[4294] [90mi[39m send
  data: {
    "messageId": 3,
    "type": "invokeResult",
    "params": {
      "result": null
    }
  }
13:44:17.005 detox[4295] [90mi[39m get message
  data: {"messageId":3,"type":"invokeResult","params":{"result":null}}
   
13:44:17.005 detox[4295] [90mE[39m tap
13:44:17.009 detox[4295] [90mi[39m send message
  data: {"type":"invoke","params":{"target":{"type":"Class","value":"com.wix.detox.espresso.DetoxAssertion"},"method":"assertMatcher","args":[{"type":"Invocation","value":{"target":{"type":"Class","value":"androidx.test.espresso.Espresso"},"method":"onView","args":[{"type":"Invocation","value":{"target":{"type":"Class","value":"com.wix.detox.espresso.DetoxMatcher"},"method":"matcherForText","args":["Welcome Back"]}}]}},{"type":"Invocation","value":{"target":{"type":"Class","value":"com.wix.detox.espresso.DetoxMatcher"},"method":"matcherForSufficientlyVisible","args":[{"type":"Integer","value":75}]}}]},"messageId":4}
13:44:17.010 detox[4294] [90mi[39m get
  data: {"type":"invoke","params":{"target":{"type":"Class","value":"com.wix.detox.espresso.DetoxAssertion"},"method":"assertMatcher","args":[{"type":"Invocation","value":{"target":{"type":"Class","value":"androidx.test.espresso.Espresso"},"method":"onView","args":[{"type":"Invocation","value":{"target":{"type":"Class","value":"com.wix.detox.espresso.DetoxMatcher"},"method":"matcherForText","args":["Welcome Back"]}}]}},{"type":"Invocation","value":{"target":{"type":"Class","value":"com.wix.detox.espresso.DetoxMatcher"},"method":"matcherForSufficientlyVisible","args":[{"type":"Integer","value":75}]}}]},"messageId":4}
13:44:17.010 detox[4294] [90mi[39m send
  data: {
    "type": "invoke",
    "params": {
      "target": {
        "type": "Class",
        "value": "com.wix.detox.espresso.DetoxAssertion"
      },
      "method": "assertMatcher",
      "args": [
        {
          "type": "Invocation",
          "value": {
            "target": {
              "type": "Class",
              "value": "androidx.test.espresso.Espresso"
            },
            "method": "onView",
            "args": [
              {
                "type": "Invocation",
                "value": {
                  "target": {
                    "type": "Class",
                    "value": "com.wix.detox.espresso.DetoxMatcher"
                  },
                  "method": "matcherForText",
                  "args": [
                    "Welcome Back"
                  ]
                }
              }
            ]
          }
        },
        {
          "type": "Invocation",
          "value": {
            "target": {
              "type": "Class",
              "value": "com.wix.detox.espresso.DetoxMatcher"
            },
            "method": "matcherForSufficientlyVisible",
            "args": [
              {
                "type": "Integer",
                "value": 75
              }
            ]
          }
        }
      ]
    },
    "messageId": 4
  }
13:44:17.010 detox[4295] [90mB[39m expect element to be visible
  data: {
    "target": {
      "type": "Class",
      "value": "com.wix.detox.espresso.DetoxAssertion"
    },
    "method": "assertMatcher",
    "args": [
      {
        "type": "Invocation",
        "value": {
          "target": {
            "type": "Class",
            "value": "androidx.test.espresso.Espresso"
          },
          "method": "onView",
          "args": [
            {
              "type": "Invocation",
              "value": {
                "target": {
                  "type": "Class",
                  "value": "com.wix.detox.espresso.DetoxMatcher"
                },
                "method": "matcherForText",
                "args": [
                  "Welcome Back"
                ]
              }
            }
          ]
        }
      },
      {
        "type": "Invocation",
        "value": {
          "target": {
            "type": "Class",
            "value": "com.wix.detox.espresso.DetoxMatcher"
          },
          "method": "matcherForSufficientlyVisible",
          "args": [
            {
              "type": "Integer",
              "value": 75
            }
          ]
        }
      }
    ]
  }
13:44:17.024 detox[4294] [90mi[39m get
  data: {"messageId":4,"type":"invokeResult","params":{"result":null}}
13:44:17.024 detox[4294] [90mi[39m send
  data: {
    "messageId": 4,
    "type": "invokeResult",
    "params": {
      "result": null
    }
  }
13:44:17.024 detox[4295] [90mi[39m get message
  data: {"messageId":4,"type":"invokeResult","params":{"result":null}}
   
13:44:17.024 detox[4295] [90mE[39m expect element to be visible
13:44:17.025 detox[4295] [90mi[39m send message
  data: {"type":"invoke","params":{"target":{"type":"Class","value":"com.wix.detox.espresso.EspressoDetox"},"method":"perform","args":[{"type":"Invocation","value":{"target":{"type":"Class","value":"androidx.test.espresso.Espresso"},"method":"onView","args":[{"type":"Invocation","value":{"target":{"type":"Class","value":"com.wix.detox.espresso.DetoxMatcher"},"method":"matcherForTestId","args":["loginbtn"]}}]}},{"type":"Invocation","value":{"target":{"type":"Class","value":"com.wix.detox.espresso.DetoxViewActions"},"method":"click","args":[]}}]},"messageId":5}
13:44:17.026 detox[4294] [90mi[39m get
  data: {"type":"invoke","params":{"target":{"type":"Class","value":"com.wix.detox.espresso.EspressoDetox"},"method":"perform","args":[{"type":"Invocation","value":{"target":{"type":"Class","value":"androidx.test.espresso.Espresso"},"method":"onView","args":[{"type":"Invocation","value":{"target":{"type":"Class","value":"com.wix.detox.espresso.DetoxMatcher"},"method":"matcherForTestId","args":["loginbtn"]}}]}},{"type":"Invocation","value":{"target":{"type":"Class","value":"com.wix.detox.espresso.DetoxViewActions"},"method":"click","args":[]}}]},"messageId":5}
13:44:17.026 detox[4294] [90mi[39m send
  data: {
    "type": "invoke",
    "params": {
      "target": {
        "type": "Class",
        "value": "com.wix.detox.espresso.EspressoDetox"
      },
      "method": "perform",
      "args": [
        {
          "type": "Invocation",
          "value": {
            "target": {
              "type": "Class",
              "value": "androidx.test.espresso.Espresso"
            },
            "method": "onView",
            "args": [
              {
                "type": "Invocation",
                "value": {
                  "target": {
                    "type": "Class",
                    "value": "com.wix.detox.espresso.DetoxMatcher"
                  },
                  "method": "matcherForTestId",
                  "args": [
                    "loginbtn"
                  ]
                }
              }
            ]
          }
        },
        {
          "type": "Invocation",
          "value": {
            "target": {
              "type": "Class",
              "value": "com.wix.detox.espresso.DetoxViewActions"
            },
            "method": "click",
            "args": []
          }
        }
      ]
    },
    "messageId": 5
  }
13:44:17.026 detox[4295] [90mB[39m tap
  data: {
    "target": {
      "type": "Class",
      "value": "com.wix.detox.espresso.EspressoDetox"
    },
    "method": "perform",
    "args": [
      {
        "type": "Invocation",
        "value": {
          "target": {
            "type": "Class",
            "value": "androidx.test.espresso.Espresso"
          },
          "method": "onView",
          "args": [
            {
              "type": "Invocation",
              "value": {
                "target": {
                  "type": "Class",
                  "value": "com.wix.detox.espresso.DetoxMatcher"
                },
                "method": "matcherForTestId",
                "args": [
                  "loginbtn"
                ]
              }
            }
          ]
        }
      },
      {
        "type": "Invocation",
        "value": {
          "target": {
            "type": "Class",
            "value": "com.wix.detox.espresso.DetoxViewActions"
          },
          "method": "click",
          "args": []
        }
      }
    ]
  }
13:44:20.319 detox[4294] [90mi[39m get
  data: {"messageId":5,"type":"invokeResult","params":{"result":null}}
13:44:20.320 detox[4294] [90mi[39m send
  data: {
    "messageId": 5,
    "type": "invokeResult",
    "params": {
      "result": null
    }
  }
13:44:20.321 detox[4295] [90mi[39m get message
  data: {"messageId":5,"type":"invokeResult","params":{"result":null}}
   
13:44:20.322 detox[4295] [90mE[39m tap
13:44:20.325 detox[4295] [90mi[39m send message
  data: {"type":"invoke","params":{"target":{"type":"Class","value":"com.wix.detox.espresso.DetoxAssertion"},"method":"assertMatcher","args":[{"type":"Invocation","value":{"target":{"type":"Class","value":"androidx.test.espresso.Espresso"},"method":"onView","args":[{"type":"Invocation","value":{"target":{"type":"Class","value":"com.wix.detox.espresso.DetoxMatcher"},"method":"matcherForText","args":["Please fill Username"]}}]}},{"type":"Invocation","value":{"target":{"type":"Class","value":"com.wix.detox.espresso.DetoxMatcher"},"method":"matcherForSufficientlyVisible","args":[{"type":"Integer","value":75}]}}]},"messageId":6}
13:44:20.326 detox[4294] [90mi[39m get
  data: {"type":"invoke","params":{"target":{"type":"Class","value":"com.wix.detox.espresso.DetoxAssertion"},"method":"assertMatcher","args":[{"type":"Invocation","value":{"target":{"type":"Class","value":"androidx.test.espresso.Espresso"},"method":"onView","args":[{"type":"Invocation","value":{"target":{"type":"Class","value":"com.wix.detox.espresso.DetoxMatcher"},"method":"matcherForText","args":["Please fill Username"]}}]}},{"type":"Invocation","value":{"target":{"type":"Class","value":"com.wix.detox.espresso.DetoxMatcher"},"method":"matcherForSufficientlyVisible","args":[{"type":"Integer","value":75}]}}]},"messageId":6}
13:44:20.327 detox[4294] [90mi[39m send
  data: {
    "type": "invoke",
    "params": {
      "target": {
        "type": "Class",
        "value": "com.wix.detox.espresso.DetoxAssertion"
      },
      "method": "assertMatcher",
      "args": [
        {
          "type": "Invocation",
          "value": {
            "target": {
              "type": "Class",
              "value": "androidx.test.espresso.Espresso"
            },
            "method": "onView",
            "args": [
              {
                "type": "Invocation",
                "value": {
                  "target": {
                    "type": "Class",
                    "value": "com.wix.detox.espresso.DetoxMatcher"
                  },
                  "method": "matcherForText",
                  "args": [
                    "Please fill Username"
                  ]
                }
              }
            ]
          }
        },
        {
          "type": "Invocation",
          "value": {
            "target": {
              "type": "Class",
              "value": "com.wix.detox.espresso.DetoxMatcher"
            },
            "method": "matcherForSufficientlyVisible",
            "args": [
              {
                "type": "Integer",
                "value": 75
              }
            ]
          }
        }
      ]
    },
    "messageId": 6
  }
13:44:20.327 detox[4295] [90mB[39m expect element to be visible
  data: {
    "target": {
      "type": "Class",
      "value": "com.wix.detox.espresso.DetoxAssertion"
    },
    "method": "assertMatcher",
    "args": [
      {
        "type": "Invocation",
        "value": {
          "target": {
            "type": "Class",
            "value": "androidx.test.espresso.Espresso"
          },
          "method": "onView",
          "args": [
            {
              "type": "Invocation",
              "value": {
                "target": {
                  "type": "Class",
                  "value": "com.wix.detox.espresso.DetoxMatcher"
                },
                "method": "matcherForText",
                "args": [
                  "Please fill Username"
                ]
              }
            }
          ]
        }
      },
      {
        "type": "Invocation",
        "value": {
          "target": {
            "type": "Class",
            "value": "com.wix.detox.espresso.DetoxMatcher"
          },
          "method": "matcherForSufficientlyVisible",
          "args": [
            {
              "type": "Integer",
              "value": 75
            }
          ]
        }
      }
    ]
  }
13:44:20.364 detox[4294] [90mi[39m get
  data: {"messageId":6,"type":"testFailed","params":{"details":"'(view has effective visibility <VISIBLE> and view.getGlobalVisibleRect() covers at least <75> percent of the view's area)' doesn't match the selected view.\nExpected: (view has effective visibility <VISIBLE> and view.getGlobalVisibleRect() covers at least <75> percent of the view's area)\n     Got: was null\n"}}
13:44:20.365 detox[4294] [90mi[39m send
  data: {
    "messageId": 6,
    "type": "testFailed",
    "params": {
      "details": "'(view has effective visibility <VISIBLE> and view.getGlobalVisibleRect() covers at least <75> percent of the view's area)' doesn't match the selected view.\nExpected: (view has effective visibility <VISIBLE> and view.getGlobalVisibleRect() covers at least <75> percent of the view's area)\n     Got: was null\n"
    }
  }
13:44:20.365 detox[4295] [90mi[39m get message
  data: {"messageId":6,"type":"testFailed","params":{"details":"'(view has effective visibility <VISIBLE> and view.getGlobalVisibleRect() covers at least <75> percent of the view's area)' doesn't match the selected view.\nExpected: (view has effective visibility <VISIBLE> and view.getGlobalVisibleRect() covers at least <75> percent of the view's area)\n     Got: was null\n"}}
   
13:44:20.368 detox[4295] [90mE[39m expect element to be visible
  error: Test Failed: '(view has effective visibility <VISIBLE> and view.getGlobalVisibleRect() covers at least <75> percent of the view's area)' doesn't match the selected view.
  Expected: (view has effective visibility <VISIBLE> and view.getGlobalVisibleRect() covers at least <75> percent of the view's area)
       Got: was null
  
13:44:20.369 detox[4295] [90mB[39m onTestFnFailure
  args: ({"error":{"name":"DetoxRuntimeError"}})
13:44:20.369 detox[4295] [90mE[39m onTestFnFailure
13:44:20.369 detox[4295] [90mE[39m test_fn
  error: Test Failed: '(view has effective visibility <VISIBLE> and view.getGlobalVisibleRect() covers at least <75> percent of the view's area)' doesn't match the selected view.
  Expected: (view has effective visibility <VISIBLE> and view.getGlobalVisibleRect() covers at least <75> percent of the view's area)
       Got: was null
  
13:44:20.372 detox[4295] [90mB[39m onTestDone
  args: ({"title":"Should display error messages for missing username and password","fullName":"LoginScreen Should display error messages for missing username and password","status":"failed","invocations":1,"timedOut":false})
13:44:20.372 detox[4295] [90mi[39m stopping ADBLogcatRecording
13:44:20.373 detox[4295] [90mi[39m "/Users/priyaranganathan/Library/Android/sdk/platform-tools/adb" -s b6b897f1 shell "date +\"%m-%d %T.000\""
13:44:20.467 detox[4295] [90mi[39m 05-19 13:44:18.000

13:44:20.469 detox[4295] [90mi[39m sending SIGINT to: /Users/priyaranganathan/Library/Android/sdk/platform-tools/adb -s b6b897f1 shell logcat -T "05-19 13:44:12.000" --pid=19762 -f /sdcard/134359731_1.log
13:44:20.471 detox[4295] [90mi[39m /Users/priyaranganathan/Library/Android/sdk/platform-tools/adb -s b6b897f1 shell "logcat -T \"05-19 13:44:12.000\" --pid=19762 -f /sdcard/134359731_1.log" terminated with SIGINT
13:44:20.475 detox[4295] [90mE[39m onTestDone
13:44:20.476 detox[4295] [90mE[39m Should display error messages for missing username and password
13:44:20.476 detox[4295] [90mi[39m LoginScreen: Should display error messages for missing username and password [FAIL]
13:44:20.481 detox[4295] [90mB[39m onRunDescribeFinish
  args: ({"name":"LoginScreen"})
13:44:20.481 detox[4295] [90mE[39m onRunDescribeFinish
13:44:20.481 detox[4295] [90mE[39m LoginScreen
13:44:20.481 detox[4295] [90mB[39m onRunDescribeFinish
  args: ({"name":"ROOT_DESCRIBE_BLOCK"})
13:44:20.481 detox[4295] [90mE[39m onRunDescribeFinish
13:44:20.481 detox[4295] [90mE[39m run the tests
13:44:20.537 detox[4295] [90mB[39m tear down environment
13:44:20.538 detox[4295] [90mB[39m onBeforeCleanup
  args: ()
13:44:20.538 detox[4295] [90mi[39m saving ADBLogcatRecording to: artifacts/android.att.debug.2023-05-19 08-13-58Z/✗ LoginScreen Should display error messages for missing username and password/device.log
13:44:20.539 detox[4295] [90mi[39m "/Users/priyaranganathan/Library/Android/sdk/platform-tools/adb" -s b6b897f1 pull "/sdcard/134359731_1.log" "artifacts/android.att.debug.2023-05-19 08-13-58Z/✗ LoginScreen Should display error messages for missing username and password/device.log"
13:44:20.579 detox[4295] [90mi[39m /sdcard/134359731_1.log: 1 file pulled, 0 skipped. 5.3 MB/s (50031 bytes in 0.009s)

13:44:20.580 detox[4295] [90mi[39m "/Users/priyaranganathan/Library/Android/sdk/platform-tools/adb" -s b6b897f1 shell "rm  \"/sdcard/134359731_1.log\""
13:44:20.647 detox[4295] [90mi[39m 
13:44:20.648 detox[4295] [90mi[39m saving ADBLogcatRecording to: artifacts/android.att.debug.2023-05-19 08-13-58Z/b6b897f1 2023-05-19 08-14-20Z.startup.log
13:44:20.648 detox[4295] [90mi[39m "/Users/priyaranganathan/Library/Android/sdk/platform-tools/adb" -s b6b897f1 pull "/sdcard/134359731_0.log" "artifacts/android.att.debug.2023-05-19 08-13-58Z/b6b897f1 2023-05-19 08-14-20Z.startup.log"
13:44:20.687 detox[4295] [90mi[39m /sdcard/134359731_0.log: 1 file pulled, 0 skipped. 12.3 MB/s (36873 bytes in 0.003s)

13:44:20.688 detox[4295] [90mi[39m "/Users/priyaranganathan/Library/Android/sdk/platform-tools/adb" -s b6b897f1 shell "rm  \"/sdcard/134359731_0.log\""
13:44:20.747 detox[4295] [90mi[39m 
13:44:20.749 detox[4295] [90mi[39m saving FileArtifact to: artifacts/android.att.debug.2023-05-19 08-13-58Z/detox_pid_4295.json.log { append: true }
13:44:20.749 detox[4295] [90mi[39m saving FileArtifact to: artifacts/android.att.debug.2023-05-19 08-13-58Z/detox_pid_4295.log { append: true }
13:44:20.750 detox[4295] [90mE[39m onBeforeCleanup
13:44:20.751 detox[4294] [90mi[39m get
  data: {"type":"cleanup","params":{"stopRunner":false},"messageId":-49642}
13:44:20.751 detox[4294] [90mi[39m send
  data: {
    "type": "cleanup",
    "params": {
      "stopRunner": false
    },
    "messageId": -49642
  }
13:44:20.751 detox[4295] [90mi[39m send message
  data: {"type":"cleanup","params":{"stopRunner":false},"messageId":-49642}
13:44:20.761 detox[4294] [90mi[39m get
  data: {"messageId":-49642,"type":"cleanupDone","params":{}}
13:44:20.761 detox[4294] [90mi[39m send
  data: {
    "messageId": -49642,
    "type": "cleanupDone",
    "params": {}
  }
13:44:20.761 detox[4295] [90mi[39m get message
  data: {"messageId":-49642,"type":"cleanupDone","params":{}}
   
13:44:20.765 detox[4294] [90mi[39m tester exited session 603eb149-09a7-69eb-2b8b-b92eb1159f27
13:44:20.765 detox[4294] [90mi[39m send
  data: {
    "type": "testerDisconnected",
    "messageId": -1
  }
13:44:20.765 detox[4294] [90mE[39m connection :52728<->:52729
13:44:20.767 detox[4295] [90mi[39m sending SIGINT to: /Users/priyaranganathan/Library/Android/sdk/platform-tools/adb -s b6b897f1 shell am instrument -w -r -e detoxServer ws://localhost:52728 -e detoxSessionId 603eb149-09a7-69eb-2b8b-b92eb1159f27 -e debug false com.fakestore.test/androidx.test.runner.AndroidJUnitRunner
13:44:20.769 detox[4295] [90mi[39m /Users/priyaranganathan/Library/Android/sdk/platform-tools/adb -s b6b897f1 shell am instrument -w -r -e detoxServer ws://localhost:52728 -e detoxSessionId 603eb149-09a7-69eb-2b8b-b92eb1159f27 -e debug false com.fakestore.test/androidx.test.runner.AndroidJUnitRunner terminated with SIGINT
13:44:20.769 detox[4295] [90mi[39m "/Users/priyaranganathan/Library/Android/sdk/platform-tools/adb" -s b6b897f1 reverse --remove tcp:52728
13:44:20.778 detox[4295] [90mB[39m free
  args: ({"adbName":"b6b897f1"}, {"shutdown":false})
13:44:20.780 detox[4295] [90mE[39m free
13:44:20.780 detox[4295] [90mE[39m tear down environment
13:44:20.780 detox[4295] [90mE[39m e2e/login.test.js
13:44:20.791 detox[4295] [90mB[39m e2e/starter.test.js
13:44:20.798 detox[4295] [90mB[39m set up environment
13:44:20.798 detox[4295] [90mi[39m dispatching event to  primary-4294 /tmp/detox.primary-4294  :  registerWorker , { workerId: 'w1' }
13:44:20.799 detox[4294] [90mi[39m received event of :  registerWorker { workerId: 'w1' }
13:44:20.799 detox[4294] [90mi[39m dispatching event to socket  :  registerWorkerDone { workersCount: 1 }
13:44:20.799 detox[4295] [90mi[39m ## received events ##
13:44:20.800 detox[4295] [90mi[39m detected event registerWorkerDone { workersCount: 1 }
13:44:20.806 detox[4294] [90mB[39m connection :52728<->:52828
13:44:20.808 detox[4294] [90mi[39m get
  data: {"type":"login","params":{"sessionId":"603eb149-09a7-69eb-2b8b-b92eb1159f27","role":"tester"},"messageId":0}
13:44:20.808 detox[4294] [90mi[39m send
  data: {
    "type": "loginSuccess",
    "params": {
      "testerConnected": true,
      "appConnected": true
    },
    "messageId": 0
  }
13:44:20.808 detox[4294] [90mi[39m tester joined session 603eb149-09a7-69eb-2b8b-b92eb1159f27
13:44:20.808 detox[4295] [90mi[39m opened web socket to: ws://localhost:52728
13:44:20.808 detox[4295] [90mi[39m send message
  data: {"type":"login","params":{"sessionId":"603eb149-09a7-69eb-2b8b-b92eb1159f27","role":"tester"},"messageId":0}
13:44:20.808 detox[4295] [90mi[39m 
13:44:20.809 detox[4295] [90mi[39m get message
  data: {"type":"loginSuccess","params":{"testerConnected":true,"appConnected":true},"messageId":0}
   
13:44:20.810 detox[4295] [90mB[39m allocate
  args: ({"type":"android.attached","device":{"adbName":".*"}})
13:44:20.810 detox[4295] [90mi[39m "/Users/priyaranganathan/Library/Android/sdk/platform-tools/adb"  devices
13:44:20.841 detox[4295] [90mi[39m List of devices attached
b6b897f1	device
adb-b6b897f1-BhBLcd._adb-tls-connect._tcp.	device


13:44:20.843 detox[4295] [90mi[39m Found a matching & free device b6b897f1
13:44:20.843 detox[4295] [90mE[39m allocate
13:44:20.843 detox[4295] [90mB[39m postAllocate
  args: ({"adbName":"b6b897f1"})
13:44:20.844 detox[4295] [90mi[39m "/Users/priyaranganathan/Library/Android/sdk/platform-tools/adb" -s b6b897f1 shell "dumpsys power | grep \"^[ ]*m[UW].*=\""
13:44:20.958 detox[4295] [90mi[39m   mWakefulness=Awake
  mWakefulnessChanging=false
  mWakeLockSummary=0x0
  mUserActivitySummary=0x1
  mWakeUpWhenPluggedOrUnpluggedConfig=true
  mWakeUpWhenPluggedOrUnpluggedInTheaterModeConfig=false
  mUserActivityTimeoutOverrideFromWindowManager=-1
  mUserInactiveOverrideFromWindowManager=false
  mUserId=0

13:44:20.958 detox[4295] [90mB[39m onBootDevice
  args: ({"deviceId":"b6b897f1","type":"device","coldBoot":false})
13:44:20.958 detox[4295] [90mE[39m onBootDevice
13:44:20.958 detox[4295] [90mE[39m postAllocate
13:44:20.960 detox[4295] [90mB[39m installUtilBinaries
  args: ()
13:44:20.960 detox[4295] [90mE[39m installUtilBinaries
13:44:20.960 detox[4295] [90mB[39m selectApp
  args: ("default")
13:44:20.960 detox[4295] [90mE[39m selectApp
13:44:20.961 detox[4295] [90mB[39m uninstallApp
  args: ()
13:44:20.961 detox[4295] [90mB[39m onBeforeUninstallApp
  args: ({"deviceId":"b6b897f1","bundleId":"com.fakestore"})
13:44:20.961 detox[4295] [90mE[39m onBeforeUninstallApp
13:44:20.961 detox[4295] [90mi[39m "/Users/priyaranganathan/Library/Android/sdk/platform-tools/adb" -s b6b897f1 shell "pm list packages com.fakestore"
13:44:21.050 detox[4295] [90mi[39m package:com.fakestore.test
package:com.fakestore

13:44:21.052 detox[4295] [90mi[39m "/Users/priyaranganathan/Library/Android/sdk/platform-tools/adb" -s b6b897f1 uninstall com.fakestore
13:44:21.187 detox[4294] [90mi[39m app exited session 603eb149-09a7-69eb-2b8b-b92eb1159f27
13:44:21.188 detox[4294] [90mi[39m send
  data: {
    "type": "appDisconnected"
  }
13:44:21.188 detox[4294] [90mE[39m connection :52728<->:52796
13:44:21.188 detox[4295] [90mi[39m get message
  data: {"type":"appDisconnected"}
   
13:44:21.894 detox[4295] [90mi[39m Success

13:44:21.894 detox[4295] [90mi[39m "/Users/priyaranganathan/Library/Android/sdk/platform-tools/adb" -s b6b897f1 shell "pm list packages com.fakestore.test"
13:44:21.965 detox[4295] [90mi[39m package:com.fakestore.test

13:44:21.965 detox[4295] [90mi[39m "/Users/priyaranganathan/Library/Android/sdk/platform-tools/adb" -s b6b897f1 uninstall com.fakestore.test
13:44:23.441 detox[4295] [90mi[39m Success

13:44:23.441 detox[4295] [90mE[39m uninstallApp
13:44:23.442 detox[4295] [90mB[39m selectApp
  args: ("default")
13:44:23.443 detox[4295] [90mB[39m terminateApp
  args: ()
13:44:23.443 detox[4295] [90mB[39m onBeforeTerminateApp
  args: ({"deviceId":"b6b897f1","bundleId":"com.fakestore"})
13:44:23.443 detox[4295] [90mE[39m onBeforeTerminateApp
13:44:23.443 detox[4295] [90mi[39m "/Users/priyaranganathan/Library/Android/sdk/platform-tools/adb" -s b6b897f1 shell "am force-stop com.fakestore"
13:44:23.566 detox[4295] [90mi[39m 
13:44:23.567 detox[4295] [90mB[39m onTerminateApp
  args: ({"deviceId":"b6b897f1","bundleId":"com.fakestore"})
13:44:23.567 detox[4295] [90mE[39m onTerminateApp
13:44:23.567 detox[4295] [90mE[39m terminateApp
13:44:23.567 detox[4295] [90mE[39m selectApp
13:44:23.567 detox[4295] [90mB[39m installApp
  args: ()
13:44:23.568 detox[4295] [90mi[39m "/Users/priyaranganathan/Library/Android/sdk/build-tools/33.0.0/aapt" dump xmlstrings "/Users/priyaranganathan/Documents/React_Native_Projects/FakeStore/android/app/build/outputs/apk/debug/app-debug.apk" AndroidManifest.xml
13:44:23.594 detox[4295] [90mi[39m String pool of 63 unique UTF-16 non-sorted strings, 63 entries and 0 styles using 3000 bytes:
String #0: theme
String #1: label
String #2: icon
String #3: name
String #4: debuggable
String #5: exported
String #6: authorities
String #7: grantUriPermissions
String #8: launchMode
String #9: configChanges
String #10: value
String #11: resource
String #12: minSdkVersion
String #13: versionCode
String #14: versionName
String #15: windowSoftInputMode
String #16: targetSdkVersion
String #17: allowBackup
String #18: usesCleartextTraffic
String #19: networkSecurityConfig
String #20: roundIcon
String #21: compileSdkVersion
String #22: compileSdkVersionCodename
String #23: appComponentFactory
String #24: 1.0
String #25: 12
String #26: action
String #27: activity
String #28: android
String #29: android.intent.action.MAIN
String #30: android.intent.category.LAUNCHER
String #31: android.permission.ACCESS_COARSE_LOCATION
String #32: android.permission.ACCESS_FINE_LOCATION
String #33: android.permission.ACCESS_WIFI_STATE
String #34: android.permission.CAMERA
String #35: android.permission.INTERNET
String #36: android.permission.SYSTEM_ALERT_WINDOW
String #37: android.permission.WRITE_EXTERNAL_STORAGE
String #38: android.support.FILE_PROVIDER_PATHS
String #39: androidx.core.app.CoreComponentFactory
String #40: androidx.emoji2.text.EmojiCompatInitializer
String #41: androidx.lifecycle.ProcessLifecycleInitializer
String #42: androidx.startup
String #43: androidx.startup.InitializationProvider
String #44: application
String #45: category
String #46: com.facebook.react.devsupport.DevSettingsActivity
String #47: com.fakestore
String #48: com.fakestore.MainActivity
String #49: com.fakestore.MainApplication
String #50: com.fakestore.androidx-startup
String #51: com.fakestore.imagepickerprovider
String #52: com.imagepicker.ImagePickerProvider
String #53: http://schemas.android.com/apk/res/android
String #54: intent-filter
String #55: manifest
String #56: meta-data
String #57: package
String #58: platformBuildVersionCode
String #59: platformBuildVersionName
String #60: provider
String #61: uses-permission
String #62: uses-sdk

13:44:23.595 detox[4295] [90mi[39m "/Users/priyaranganathan/Library/Android/sdk/build-tools/33.0.0/aapt" dump xmlstrings "/Users/priyaranganathan/Documents/React_Native_Projects/FakeStore/android/app/build/outputs/apk/androidTest/debug/app-debug-androidTest.apk" AndroidManifest.xml
13:44:23.619 detox[4295] [90mi[39m String pool of 42 unique UTF-16 non-sorted strings, 42 entries and 0 styles using 2060 bytes:
String #0: theme
String #1: label
String #2: name
String #3: debuggable
String #4: exported
String #5: priority
String #6: targetPackage
String #7: handleProfiling
String #8: functionalTest
String #9: minSdkVersion
String #10: targetSdkVersion
String #11: compileSdkVersion
String #12: compileSdkVersionCodename
String #13: 12
String #14: Tests for com.fakestore
String #15: activity
String #16: android
String #17: android.intent.category.LAUNCHER
String #18: android.permission.REORDER_TASKS
String #19: android.test.runner
String #20: androidx.test.core.app.InstrumentationActivityInvoker$BootstrapActivity
String #21: androidx.test.core.app.InstrumentationActivityInvoker$EmptyActivity
String #22: androidx.test.core.app.InstrumentationActivityInvoker$EmptyFloatingActivity
String #23: androidx.test.orchestrator
String #24: androidx.test.runner.AndroidJUnitRunner
String #25: androidx.test.services
String #26: application
String #27: category
String #28: com.fakestore
String #29: com.fakestore.test
String #30: com.google.android.apps.common.testing.services
String #31: http://schemas.android.com/apk/res/android
String #32: instrumentation
String #33: intent-filter
String #34: manifest
String #35: package
String #36: platformBuildVersionCode
String #37: platformBuildVersionName
String #38: queries
String #39: uses-library
String #40: uses-permission
String #41: uses-sdk

13:44:23.626 detox[4295] [90mi[39m /Users/priyaranganathan/Library/Android/sdk/platform-tools/adb -s b6b897f1 install -r -g -t /Users/priyaranganathan/Documents/React_Native_Projects/FakeStore/android/app/build/outputs/apk/debug/app-debug.apk
13:44:27.462 detox[4295] [90mi[39m Performing Streamed Install
Success

13:44:27.465 detox[4295] [90mi[39m /Users/priyaranganathan/Library/Android/sdk/platform-tools/adb -s b6b897f1 install -r -g -t /Users/priyaranganathan/Documents/React_Native_Projects/FakeStore/android/app/build/outputs/apk/debug/app-debug.apk exited with code #0
13:44:27.483 detox[4295] [90mi[39m /Users/priyaranganathan/Library/Android/sdk/platform-tools/adb -s b6b897f1 install -r -g -t /Users/priyaranganathan/Documents/React_Native_Projects/FakeStore/android/app/build/outputs/apk/androidTest/debug/app-debug-androidTest.apk
13:44:30.582 detox[4295] [90mi[39m Performing Streamed Install
Success

13:44:30.586 detox[4295] [90mi[39m /Users/priyaranganathan/Library/Android/sdk/platform-tools/adb -s b6b897f1 install -r -g -t /Users/priyaranganathan/Documents/React_Native_Projects/FakeStore/android/app/build/outputs/apk/androidTest/debug/app-debug-androidTest.apk exited with code #0
13:44:30.587 detox[4295] [90mB[39m reverseTcpPort
  args: (8081)
13:44:30.588 detox[4295] [90mi[39m "/Users/priyaranganathan/Library/Android/sdk/platform-tools/adb" -s b6b897f1 reverse tcp:8081 tcp:8081
13:44:30.645 detox[4295] [90mi[39m 
13:44:30.645 detox[4295] [90mE[39m reverseTcpPort
13:44:30.645 detox[4295] [90mE[39m installApp
13:44:30.646 detox[4295] [90mB[39m selectApp
  args: ("default")
13:44:30.646 detox[4295] [90mB[39m terminateApp
  args: ()
13:44:30.646 detox[4295] [90mB[39m onBeforeTerminateApp
  args: ({"deviceId":"b6b897f1","bundleId":"com.fakestore"})
13:44:30.646 detox[4295] [90mE[39m onBeforeTerminateApp
13:44:30.646 detox[4295] [90mi[39m "/Users/priyaranganathan/Library/Android/sdk/platform-tools/adb" -s b6b897f1 shell "am force-stop com.fakestore"
13:44:30.849 detox[4295] [90mi[39m 
13:44:30.849 detox[4295] [90mB[39m onTerminateApp
  args: ({"deviceId":"b6b897f1","bundleId":"com.fakestore"})
13:44:30.849 detox[4295] [90mE[39m onTerminateApp
13:44:30.849 detox[4295] [90mE[39m terminateApp
13:44:30.850 detox[4295] [90mE[39m selectApp
13:44:30.850 detox[4295] [90mE[39m set up environment
13:44:30.938 detox[4295] [90mi[39m starter.test.js is assigned to AttachedDevice:b6b897f1
13:44:30.939 detox[4295] [90mB[39m run the tests
13:44:30.939 detox[4295] [90mB[39m onRunDescribeStart
  args: ({"name":"ROOT_DESCRIBE_BLOCK"})
13:44:30.939 detox[4295] [90mE[39m onRunDescribeStart
13:44:30.939 detox[4295] [90mB[39m Example
13:44:30.939 detox[4295] [90mB[39m onRunDescribeStart
  args: ({"name":"Example"})
13:44:30.939 detox[4295] [90mE[39m onRunDescribeStart
13:44:30.939 detox[4295] [90mB[39m beforeAll
13:44:30.941 detox[4295] [90mB[39m launchApp
  args: ()
13:44:30.942 detox[4295] [90mB[39m terminateApp
  args: ("com.fakestore")
13:44:30.942 detox[4295] [90mB[39m onBeforeTerminateApp
  args: ({"deviceId":"b6b897f1","bundleId":"com.fakestore"})
13:44:30.942 detox[4295] [90mE[39m onBeforeTerminateApp
13:44:30.942 detox[4295] [90mi[39m "/Users/priyaranganathan/Library/Android/sdk/platform-tools/adb" -s b6b897f1 shell "am force-stop com.fakestore"
13:44:31.062 detox[4295] [90mi[39m 
13:44:31.062 detox[4295] [90mB[39m onTerminateApp
  args: ({"deviceId":"b6b897f1","bundleId":"com.fakestore"})
13:44:31.062 detox[4295] [90mE[39m onTerminateApp
13:44:31.062 detox[4295] [90mE[39m terminateApp
13:44:31.062 detox[4295] [90mB[39m onBeforeLaunchApp
  args: ({"deviceId":"b6b897f1","bundleId":"com.fakestore","launchArgs":{"detoxServer":"ws://localhost:52728","detoxSessionId":"603eb149-09a7-69eb-2b8b-b92eb1159f27"}})
13:44:31.063 detox[4295] [90mi[39m "/Users/priyaranganathan/Library/Android/sdk/platform-tools/adb" -s b6b897f1 shell "date +\"%m-%d %T.000\""
13:44:31.171 detox[4295] [90mi[39m 05-19 13:44:29.000

13:44:31.171 detox[4295] [90mE[39m onBeforeLaunchApp
13:44:31.171 detox[4295] [90mi[39m "/Users/priyaranganathan/Library/Android/sdk/platform-tools/adb" -s b6b897f1 reverse tcp:52728 tcp:52728
13:44:31.210 detox[4295] [90mi[39m 52728

13:44:31.210 detox[4295] [90mi[39m "/Users/priyaranganathan/Library/Android/sdk/platform-tools/adb" -s b6b897f1 shell "pm list instrumentation"
13:44:31.319 detox[4295] [90mi[39m instrumentation:com.fakestore.test/androidx.test.runner.AndroidJUnitRunner (target=com.fakestore)

13:44:31.328 detox[4295] [90mi[39m /Users/priyaranganathan/Library/Android/sdk/platform-tools/adb -s b6b897f1 shell am instrument -w -r -e detoxServer ws://localhost:52728 -e detoxSessionId 603eb149-09a7-69eb-2b8b-b92eb1159f27 -e debug false com.fakestore.test/androidx.test.runner.AndroidJUnitRunner
13:44:31.831 detox[4295] [90mi[39m "/Users/priyaranganathan/Library/Android/sdk/platform-tools/adb" -s b6b897f1 shell "ps | grep \"com\.fakestore$\""
13:44:32.000 detox[4295] [90mi[39m u0_a1057      20787    951 5848592 134892 0                   0 R com.fakestore

13:44:32.000 detox[4295] [90mB[39m onLaunchApp
  args: ({"deviceId":"b6b897f1","bundleId":"com.fakestore","launchArgs":{"detoxServer":"ws://localhost:52728","detoxSessionId":"603eb149-09a7-69eb-2b8b-b92eb1159f27"},"pid":20787})
13:44:32.001 detox[4295] [90mi[39m starting ADBLogcatRecording
13:44:32.013 detox[4295] [90mi[39m /Users/priyaranganathan/Library/Android/sdk/platform-tools/adb -s b6b897f1 shell "logcat -T \"05-19 13:44:29.000\" --pid=20787 -f /sdcard/134359731_2.log"
13:44:32.014 detox[4295] [90mE[39m onLaunchApp
13:44:32.315 detox[4295] [90mi[39m "/Users/priyaranganathan/Library/Android/sdk/platform-tools/adb" -s b6b897f1 shell du /sdcard/134359731_2.log
13:44:32.379 detox[4295] [90mi[39m 16	/sdcard/134359731_2.log

13:44:32.927 detox[4295] [90mi[39m INSTRUMENTATION_STATUS: class=com.fakestore.DetoxTest
INSTRUMENTATION_STATUS: current=1
INSTRUMENTATION_STATUS: id=AndroidJUnitRunner
INSTRUMENTATION_STATUS: numtests=1
INSTRUMENTATION_STATUS: stream=
com.fakestore.DetoxTest:
INSTRUMENTATION_STATUS: test=runDetoxTests
INSTRUMENTATION_STATUS_CODE: 1

13:44:33.442 detox[4294] [90mB[39m connection :52728<->:52892
13:44:33.445 detox[4294] [90mi[39m get
  data: {"messageId":0,"type":"login","params":{"role":"app","sessionId":"603eb149-09a7-69eb-2b8b-b92eb1159f27"}}
13:44:33.446 detox[4294] [90mi[39m send
  data: {
    "messageId": 0,
    "type": "loginSuccess",
    "params": {
      "testerConnected": true,
      "appConnected": true
    }
  }
13:44:33.446 detox[4294] [90mi[39m app joined session 603eb149-09a7-69eb-2b8b-b92eb1159f27
13:44:33.446 detox[4294] [90mi[39m send
  data: {
    "type": "appConnected"
  }
13:44:33.447 detox[4295] [90mi[39m get message
  data: {"type":"appConnected"}
   
13:44:33.449 detox[4295] [90mi[39m send message
  data: {"type":"isReady","params":{},"messageId":-1000}
13:44:33.450 detox[4294] [90mi[39m get
  data: {"type":"isReady","params":{},"messageId":-1000}
13:44:33.450 detox[4294] [90mi[39m send
  data: {
    "type": "isReady",
    "params": {},
    "messageId": -1000
  }
13:44:34.545 detox[4294] [90mi[39m get
  data: {"messageId":-1000,"type":"ready","params":{}}
13:44:34.545 detox[4294] [90mi[39m send
  data: {
    "messageId": -1000,
    "type": "ready",
    "params": {}
  }
13:44:34.546 detox[4295] [90mi[39m get message
  data: {"messageId":-1000,"type":"ready","params":{}}
   
13:44:34.547 detox[4295] [90mB[39m onAppReady
  args: ({"deviceId":"b6b897f1","bundleId":"com.fakestore","pid":20787})
13:44:34.548 detox[4295] [90mE[39m onAppReady
13:44:34.548 detox[4295] [90mE[39m launchApp
13:44:34.549 detox[4295] [90mE[39m beforeAll
13:44:34.551 detox[4295] [90mB[39m Should have splash screen and Check Flow of Login screen
13:44:34.551 detox[4295] [90mi[39m Example: Should have splash screen and Check Flow of Login screen
13:44:34.554 detox[4295] [90mB[39m onTestStart
  args: ({"title":"Should have splash screen and Check Flow of Login screen","fullName":"Example Should have splash screen and Check Flow of Login screen","status":"running","invocations":1})
13:44:34.554 detox[4295] [90mi[39m stopping ADBLogcatRecording
13:44:34.554 detox[4295] [90mi[39m "/Users/priyaranganathan/Library/Android/sdk/platform-tools/adb" -s b6b897f1 shell "date +\"%m-%d %T.000\""
13:44:34.583 detox[4294] [90mi[39m get
  data: {"messageId":-1000,"type":"ready","params":{}}
13:44:34.583 detox[4294] [90mi[39m send
  data: {
    "messageId": -1000,
    "type": "ready",
    "params": {}
  }
13:44:34.584 detox[4295] [90mi[39m get message
  data: {"messageId":-1000,"type":"ready","params":{}}
   
13:44:34.657 detox[4295] [90mi[39m 05-19 13:44:32.000

13:44:34.659 detox[4295] [90mi[39m sending SIGINT to: /Users/priyaranganathan/Library/Android/sdk/platform-tools/adb -s b6b897f1 shell logcat -T "05-19 13:44:29.000" --pid=20787 -f /sdcard/134359731_2.log
13:44:34.661 detox[4295] [90mi[39m /Users/priyaranganathan/Library/Android/sdk/platform-tools/adb -s b6b897f1 shell "logcat -T \"05-19 13:44:29.000\" --pid=20787 -f /sdcard/134359731_2.log" terminated with SIGINT
13:44:34.661 detox[4295] [90mi[39m starting ADBLogcatRecording
13:44:34.672 detox[4295] [90mi[39m /Users/priyaranganathan/Library/Android/sdk/platform-tools/adb -s b6b897f1 shell "logcat -T \"05-19 13:44:32.000\" --pid=20787 -f /sdcard/134359731_3.log"
13:44:34.673 detox[4295] [90mE[39m onTestStart
13:44:34.673 detox[4295] [90mB[39m beforeEach
13:44:34.673 detox[4295] [90mE[39m beforeEach
13:44:34.673 detox[4295] [90mB[39m test_fn
13:44:34.675 detox[4295] [90mi[39m send message
  data: {"type":"invoke","params":{"target":{"type":"Class","value":"com.wix.detox.espresso.DetoxAssertion"},"method":"waitForAssertMatcher","args":[{"type":"Invocation","value":{"target":{"type":"Class","value":"androidx.test.espresso.Espresso"},"method":"onView","args":[{"type":"Invocation","value":{"target":{"type":"Class","value":"com.wix.detox.espresso.DetoxMatcher"},"method":"matcherForText","args":["Fake Store"]}}]}},{"type":"Invocation","value":{"target":{"type":"Class","value":"com.wix.detox.espresso.DetoxMatcher"},"method":"matcherForSufficientlyVisible","args":[{"type":"Integer","value":75}]}},{"type":"Double","value":3}]},"messageId":1}
13:44:34.676 detox[4294] [90mi[39m get
  data: {"type":"invoke","params":{"target":{"type":"Class","value":"com.wix.detox.espresso.DetoxAssertion"},"method":"waitForAssertMatcher","args":[{"type":"Invocation","value":{"target":{"type":"Class","value":"androidx.test.espresso.Espresso"},"method":"onView","args":[{"type":"Invocation","value":{"target":{"type":"Class","value":"com.wix.detox.espresso.DetoxMatcher"},"method":"matcherForText","args":["Fake Store"]}}]}},{"type":"Invocation","value":{"target":{"type":"Class","value":"com.wix.detox.espresso.DetoxMatcher"},"method":"matcherForSufficientlyVisible","args":[{"type":"Integer","value":75}]}},{"type":"Double","value":3}]},"messageId":1}
13:44:34.676 detox[4294] [90mi[39m send
  data: {
    "type": "invoke",
    "params": {
      "target": {
        "type": "Class",
        "value": "com.wix.detox.espresso.DetoxAssertion"
      },
      "method": "waitForAssertMatcher",
      "args": [
        {
          "type": "Invocation",
          "value": {
            "target": {
              "type": "Class",
              "value": "androidx.test.espresso.Espresso"
            },
            "method": "onView",
            "args": [
              {
                "type": "Invocation",
                "value": {
                  "target": {
                    "type": "Class",
                    "value": "com.wix.detox.espresso.DetoxMatcher"
                  },
                  "method": "matcherForText",
                  "args": [
                    "Fake Store"
                  ]
                }
              }
            ]
          }
        },
        {
          "type": "Invocation",
          "value": {
            "target": {
              "type": "Class",
              "value": "com.wix.detox.espresso.DetoxMatcher"
            },
            "method": "matcherForSufficientlyVisible",
            "args": [
              {
                "type": "Integer",
                "value": 75
              }
            ]
          }
        },
        {
          "type": "Double",
          "value": 3
        }
      ]
    },
    "messageId": 1
  }
13:44:34.676 detox[4295] [90mB[39m undefined with timeout (3000 ms)
  data: {
    "target": {
      "type": "Class",
      "value": "com.wix.detox.espresso.DetoxAssertion"
    },
    "method": "waitForAssertMatcher",
    "args": [
      {
        "type": "Invocation",
        "value": {
          "target": {
            "type": "Class",
            "value": "androidx.test.espresso.Espresso"
          },
          "method": "onView",
          "args": [
            {
              "type": "Invocation",
              "value": {
                "target": {
                  "type": "Class",
                  "value": "com.wix.detox.espresso.DetoxMatcher"
                },
                "method": "matcherForText",
                "args": [
                  "Fake Store"
                ]
              }
            }
          ]
        }
      },
      {
        "type": "Invocation",
        "value": {
          "target": {
            "type": "Class",
            "value": "com.wix.detox.espresso.DetoxMatcher"
          },
          "method": "matcherForSufficientlyVisible",
          "args": [
            {
              "type": "Integer",
              "value": 75
            }
          ]
        }
      },
      {
        "type": "Double",
        "value": 3
      }
    ]
  }
13:44:34.930 detox[4294] [90mi[39m get
  data: {"messageId":1,"type":"invokeResult","params":{"result":null}}
13:44:34.931 detox[4294] [90mi[39m send
  data: {
    "messageId": 1,
    "type": "invokeResult",
    "params": {
      "result": null
    }
  }
13:44:34.932 detox[4295] [90mi[39m get message
  data: {"messageId":1,"type":"invokeResult","params":{"result":null}}
   
13:44:34.933 detox[4295] [90mE[39m undefined with timeout (3000 ms)
13:44:34.934 detox[4295] [90mE[39m test_fn
13:44:34.936 detox[4295] [90mB[39m onTestDone
  args: ({"title":"Should have splash screen and Check Flow of Login screen","fullName":"Example Should have splash screen and Check Flow of Login screen","status":"passed","invocations":1})
13:44:34.936 detox[4295] [90mi[39m stopping ADBLogcatRecording
13:44:34.975 detox[4295] [90mi[39m "/Users/priyaranganathan/Library/Android/sdk/platform-tools/adb" -s b6b897f1 shell du /sdcard/134359731_3.log
13:44:35.062 detox[4295] [90mi[39m 8	/sdcard/134359731_3.log

13:44:35.063 detox[4295] [90mi[39m "/Users/priyaranganathan/Library/Android/sdk/platform-tools/adb" -s b6b897f1 shell "date +\"%m-%d %T.000\""
13:44:35.124 detox[4295] [90mi[39m 05-19 13:44:33.000

13:44:35.125 detox[4295] [90mi[39m sending SIGINT to: /Users/priyaranganathan/Library/Android/sdk/platform-tools/adb -s b6b897f1 shell logcat -T "05-19 13:44:32.000" --pid=20787 -f /sdcard/134359731_3.log
13:44:35.127 detox[4295] [90mi[39m /Users/priyaranganathan/Library/Android/sdk/platform-tools/adb -s b6b897f1 shell "logcat -T \"05-19 13:44:32.000\" --pid=20787 -f /sdcard/134359731_3.log" terminated with SIGINT
13:44:35.129 detox[4295] [90mE[39m onTestDone
13:44:35.129 detox[4295] [90mE[39m Should have splash screen and Check Flow of Login screen
13:44:35.129 detox[4295] [90mi[39m Example: Should have splash screen and Check Flow of Login screen [OK]
13:44:35.130 detox[4295] [90mB[39m onRunDescribeFinish
  args: ({"name":"Example"})
13:44:35.130 detox[4295] [90mE[39m onRunDescribeFinish
13:44:35.130 detox[4295] [90mE[39m Example
13:44:35.131 detox[4295] [90mB[39m onRunDescribeFinish
  args: ({"name":"ROOT_DESCRIBE_BLOCK"})
13:44:35.132 detox[4295] [90mE[39m onRunDescribeFinish
13:44:35.132 detox[4295] [90mE[39m run the tests
13:44:35.133 detox[4295] [90mB[39m tear down environment
13:44:35.133 detox[4295] [90mB[39m onBeforeCleanup
  args: ()
13:44:35.133 detox[4295] [90mi[39m saving ADBLogcatRecording to: artifacts/android.att.debug.2023-05-19 08-13-58Z/✓ Example Should have splash screen and Check Flow of Login screen/device.log
13:44:35.133 detox[4295] [90mi[39m "/Users/priyaranganathan/Library/Android/sdk/platform-tools/adb" -s b6b897f1 pull "/sdcard/134359731_3.log" "artifacts/android.att.debug.2023-05-19 08-13-58Z/✓ Example Should have splash screen and Check Flow of Login screen/device.log"
13:44:35.174 detox[4295] [90mi[39m /sdcard/134359731_3.log: 1 file pulled, 0 skipped. 3.0 MB/s (6641 bytes in 0.002s)

13:44:35.174 detox[4295] [90mi[39m "/Users/priyaranganathan/Library/Android/sdk/platform-tools/adb" -s b6b897f1 shell "rm  \"/sdcard/134359731_3.log\""
13:44:35.241 detox[4295] [90mi[39m 
13:44:35.242 detox[4295] [90mi[39m saving ADBLogcatRecording to: artifacts/android.att.debug.2023-05-19 08-13-58Z/b6b897f1 2023-05-19 08-14-35Z.startup.log
13:44:35.242 detox[4295] [90mi[39m "/Users/priyaranganathan/Library/Android/sdk/platform-tools/adb" -s b6b897f1 pull "/sdcard/134359731_2.log" "artifacts/android.att.debug.2023-05-19 08-13-58Z/b6b897f1 2023-05-19 08-14-35Z.startup.log"
13:44:35.281 detox[4295] [90mi[39m /sdcard/134359731_2.log: 1 file pulled, 0 skipped. 11.1 MB/s (36689 bytes in 0.003s)

13:44:35.281 detox[4295] [90mi[39m "/Users/priyaranganathan/Library/Android/sdk/platform-tools/adb" -s b6b897f1 shell "rm  \"/sdcard/134359731_2.log\""
13:44:35.338 detox[4295] [90mi[39m 
13:44:35.338 detox[4295] [90mi[39m saving FileArtifact to: artifacts/android.att.debug.2023-05-19 08-13-58Z/detox_pid_4295.json.log { append: true }
13:44:35.339 detox[4295] [90mi[39m saving FileArtifact to: artifacts/android.att.debug.2023-05-19 08-13-58Z/detox_pid_4295.log { append: true }
13:44:35.339 detox[4295] [90mE[39m onBeforeCleanup
13:44:35.339 detox[4295] [90mi[39m send message
  data: {"type":"cleanup","params":{"stopRunner":true},"messageId":-49642}
13:44:35.340 detox[4294] [90mi[39m get
  data: {"type":"cleanup","params":{"stopRunner":true},"messageId":-49642}
13:44:35.340 detox[4294] [90mi[39m send
  data: {
    "type": "cleanup",
    "params": {
      "stopRunner": true
    },
    "messageId": -49642
  }
13:44:35.362 detox[4294] [90mi[39m get
  data: {"messageId":-49642,"type":"cleanupDone","params":{}}
13:44:35.362 detox[4294] [90mi[39m send
  data: {
    "messageId": -49642,
    "type": "cleanupDone",
    "params": {}
  }
13:44:35.363 detox[4295] [90mi[39m get message
  data: {"messageId":-49642,"type":"cleanupDone","params":{}}
   
13:44:35.364 detox[4294] [90mi[39m app exited session 603eb149-09a7-69eb-2b8b-b92eb1159f27
13:44:35.364 detox[4294] [90mi[39m send
  data: {
    "type": "appDisconnected"
  }
13:44:35.364 detox[4294] [90mE[39m connection :52728<->:52892
13:44:35.365 detox[4294] [90mi[39m tester exited session 603eb149-09a7-69eb-2b8b-b92eb1159f27
13:44:35.365 detox[4294] [90mE[39m connection :52728<->:52828
13:44:35.366 detox[4295] [90mi[39m sending SIGINT to: /Users/priyaranganathan/Library/Android/sdk/platform-tools/adb -s b6b897f1 shell am instrument -w -r -e detoxServer ws://localhost:52728 -e detoxSessionId 603eb149-09a7-69eb-2b8b-b92eb1159f27 -e debug false com.fakestore.test/androidx.test.runner.AndroidJUnitRunner
13:44:35.368 detox[4295] [90mi[39m /Users/priyaranganathan/Library/Android/sdk/platform-tools/adb -s b6b897f1 shell am instrument -w -r -e detoxServer ws://localhost:52728 -e detoxSessionId 603eb149-09a7-69eb-2b8b-b92eb1159f27 -e debug false com.fakestore.test/androidx.test.runner.AndroidJUnitRunner terminated with SIGINT
13:44:35.368 detox[4295] [90mi[39m "/Users/priyaranganathan/Library/Android/sdk/platform-tools/adb" -s b6b897f1 reverse --remove tcp:52728
13:44:35.377 detox[4295] [90mB[39m free
  args: ({"adbName":"b6b897f1"}, {"shutdown":false})
13:44:35.378 detox[4295] [90mE[39m free
13:44:35.378 detox[4295] [90mE[39m tear down environment
13:44:35.378 detox[4295] [90mE[39m e2e/starter.test.js
13:44:35.383 detox[4295] [90mi[39m dispatching event to  primary-4294 /tmp/detox.primary-4294  :  reportTestResults , {
  testResults: [
    {
      success: false,
      testFilePath: '/Users/priyaranganathan/Documents/React_Native_Projects/FakeStore/e2e/login.test.js',
      testExecError: undefined,
      isPermanentFailure: false
    },
    {
      success: true,
      testFilePath: '/Users/priyaranganathan/Documents/React_Native_Projects/FakeStore/e2e/starter.test.js',
      testExecError: undefined,
      isPermanentFailure: false
    }
  ]
}
13:44:35.384 detox[4294] [90mi[39m received event of :  reportTestResults {
  testResults: [
    {
      success: false,
      testFilePath: '/Users/priyaranganathan/Documents/React_Native_Projects/FakeStore/e2e/login.test.js',
      isPermanentFailure: false
    },
    {
      success: true,
      testFilePath: '/Users/priyaranganathan/Documents/React_Native_Projects/FakeStore/e2e/starter.test.js',
      isPermanentFailure: false
    }
  ]
}
13:44:35.384 detox[4294] [90mi[39m dispatching event to socket  :  reportTestResultsDone {
  testResults: [
    {
      success: false,
      testFilePath: '/Users/priyaranganathan/Documents/React_Native_Projects/FakeStore/e2e/login.test.js',
      isPermanentFailure: false
    },
    {
      success: true,
      testFilePath: '/Users/priyaranganathan/Documents/React_Native_Projects/FakeStore/e2e/starter.test.js',
      isPermanentFailure: false
    }
  ]
}
13:44:35.384 detox[4294] [90mi[39m broadcasting event to all known sockets listening to  /tmp/detox.primary-4294  :   sessionStateUpdate {
  testResults: [
    {
      success: false,
      testFilePath: '/Users/priyaranganathan/Documents/React_Native_Projects/FakeStore/e2e/login.test.js',
      isPermanentFailure: false
    },
    {
      success: true,
      testFilePath: '/Users/priyaranganathan/Documents/React_Native_Projects/FakeStore/e2e/starter.test.js',
      isPermanentFailure: false
    }
  ]
}
13:44:35.384 detox[4295] [90mi[39m ## received events ##
13:44:35.385 detox[4295] [90mi[39m detected event reportTestResultsDone {
  testResults: [
    {
      success: false,
      testFilePath: '/Users/priyaranganathan/Documents/React_Native_Projects/FakeStore/e2e/login.test.js',
      isPermanentFailure: false
    },
    {
      success: true,
      testFilePath: '/Users/priyaranganathan/Documents/React_Native_Projects/FakeStore/e2e/starter.test.js',
      isPermanentFailure: false
    }
  ]
}
13:44:35.388 detox[4294] [90mi[39m socket disconnected secondary-4295
13:44:35.388 detox[4295] [90mi[39m connection closed primary-4294 /tmp/detox.primary-4294 0 tries remaining of 0
13:44:35.388 detox[4295] [90mi[39m secondary-4295 exceeded connection rety amount of  or stopRetrying flag set.
13:44:35.405 detox[4295] [90mi[39m 
13:44:35.495 detox[4294] [90mE[39m Command failed with exit code = 1:
jest --config e2e/jest.config.js
13:44:35.497 detox[4294] [90mi[39m Detox server has been closed gracefully
13:44:35.498 detox[4294] [90mE[39m node_modules/.bin/detox test --configuration android.att.debug --record-logs all
