--------- beginning of main
05-19 12:29:51.001 21728 21821 I ReactNativeJS: Running "FakeStore" with {"rootTag":1}
05-19 12:29:51.167 21728 21822 W unknown:ViewManagerPropertyUpdater: Could not find generated setter for class com.swmansion.rnscreens.ScreensShadowNode
05-19 12:29:51.215 21728 21728 I Detox   : UIManagerModule is busy
05-19 12:29:51.349 21728 21728 I Detox   : Wait is over: App is now idle!
05-19 12:29:51.349 21728 21800 I DetoxWSClient: Sending out action 'ready' (ID #-1000)
05-19 12:29:51.350 21728 21800 I DetoxDispatcher: Done with action 'isReady'
05-19 12:29:51.350 21728 21800 I DetoxDispatcher: Handling action 'loginSuccess' (ID #0)...
05-19 12:29:51.350 21728 21800 I DetoxDispatcher: Done with action 'loginSuccess'
05-19 12:29:51.350 21728 21800 I DetoxDispatcher: Handling action 'isReady' (ID #-1000)...
05-19 12:29:51.355 21728 21728 I Detox   : Wait is over: App is now idle!
05-19 12:29:51.356 21728 21800 I DetoxWSClient: Sending out action 'ready' (ID #-1000)
05-19 12:29:51.356 21728 21800 I DetoxDispatcher: Done with action 'isReady'
05-19 12:29:51.373 21728 21877 D SoLoader: libimagepipeline.so not found on /data/data/com.fakestore/lib-main
05-19 12:29:51.373 21728 21877 D SoLoader: libimagepipeline.so found on /data/app/~~QiYWhZucVjwBlSgLwUxfdQ==/com.fakestore-oRcTpjZEzunYpc2FaKfLnQ==/lib/arm64
05-19 12:29:51.373 21728 21877 D SoLoader: Not resolving dependencies for libimagepipeline.so
05-19 12:29:51.513 21728 21802 D DetoxWSClient: Received action 'invoke' (ID #1, params={"target":{"type":"Class","value":"com.wix.detox.espresso.DetoxAssertion"},"method":"waitForAssertMatcher","args":[{"type":"Invocation","value":{"target":{"type":"Class","value":"androidx.test.espresso.Espresso"},"method":"onView","args":[{"type":"Invocation","value":{"target":{"type":"Class","value":"com.wix.detox.espresso.DetoxMatcher"},"method":"matcherForText","args":["Fake Store"]}}]}},{"type":"Invocation","value":{"target":{"type":"Class","value":"com.wix.detox.espresso.DetoxMatcher"},"method":"matcherForSufficientlyVisible","args":[{"type":"Integer","value":75}]}},{"type":"Double","value":5}]})
05-19 12:29:51.515 21728 21800 I DetoxDispatcher: Handling action 'invoke' (ID #1)...
05-19 12:29:51.533 21728 21800 D Detox   : class com.wix.detox.espresso.DetoxMatcher, matcherForText, [Fake Store]
05-19 12:29:51.547 21728 21800 D Detox   : class androidx.test.espresso.Espresso, onView, [(an instance of android.widget.TextView and view.getText() with or without transformation to match: is "Fake Store" and view has effective visibility <VISIBLE>)]
05-19 12:29:51.548 21728 21800 D Detox   : class com.wix.detox.espresso.DetoxMatcher, matcherForSufficientlyVisible, [75]
05-19 12:29:51.550 21728 21800 D Detox   : class com.wix.detox.espresso.DetoxAssertion, waitForAssertMatcher, [androidx.test.espresso.ViewInteraction@a744bc6, (view has effective visibility <VISIBLE> and view.getGlobalVisibleRect() covers at least <75> percent of the view's area), 5.0]
05-19 12:29:51.733 21728 21728 W com.fakestore: Accessing hidden method Landroid/view/WindowManagerGlobal;->getInstance()Landroid/view/WindowManagerGlobal; (greylist, reflection, allowed)
05-19 12:29:51.733 21728 21728 W com.fakestore: Accessing hidden field Landroid/view/WindowManagerGlobal;->mViews:Ljava/util/ArrayList; (greylist, reflection, allowed)
05-19 12:29:51.733 21728 21728 W com.fakestore: Accessing hidden field Landroid/view/WindowManagerGlobal;->mParams:Ljava/util/ArrayList; (greylist, reflection, allowed)
05-19 12:29:51.745 21728 21728 I ViewInteraction: Checking 'MatchesViewAssertion(Detox){viewMatcher=(view has effective visibility <VISIBLE> and view.getGlobalVisibleRect() covers at least <75> percent of the view's area)}' assertion on view (an instance of android.widget.TextView and view.getText() with or without transformation to match: is "Fake Store" and view has effective visibility <VISIBLE>)
05-19 12:29:51.750 21728 21800 I DetoxWSClient: Sending out action 'invokeResult' (ID #1)
05-19 12:29:51.751 21728 21800 I DetoxDispatcher: Done with action 'invoke'
05-19 12:29:51.773 21728 21802 D DetoxWSClient: Received action 'invoke' (ID #2, params={"target":{"type":"Class","value":"com.wix.detox.espresso.DetoxAssertion"},"method":"assertMatcher","args":[{"type":"Invocation","value":{"target":{"type":"Class","value":"androidx.test.espresso.Espresso"},"method":"onView","args":[{"type":"Invocation","value":{"target":{"type":"Class","value":"com.wix.detox.espresso.DetoxMatcher"},"method":"matcherForText","args":["Find your Gadget"]}}]}},{"type":"Invocation","value":{"target":{"type":"Class","value":"com.wix.detox.espresso.DetoxMatcher"},"method":"matcherForSufficientlyVisible","args":[{"type":"Integer","value":75}]}}]})
05-19 12:29:51.774 21728 21800 I DetoxDispatcher: Handling action 'invoke' (ID #2)...
05-19 12:29:51.774 21728 21800 D Detox   : class com.wix.detox.espresso.DetoxMatcher, matcherForText, [Find your Gadget]
05-19 12:29:51.775 21728 21800 D Detox   : class androidx.test.espresso.Espresso, onView, [(an instance of android.widget.TextView and view.getText() with or without transformation to match: is "Find your Gadget" and view has effective visibility <VISIBLE>)]
05-19 12:29:51.776 21728 21800 D Detox   : class com.wix.detox.espresso.DetoxMatcher, matcherForSufficientlyVisible, [75]
05-19 12:29:51.776 21728 21800 D Detox   : class com.wix.detox.espresso.DetoxAssertion, assertMatcher, [androidx.test.espresso.ViewInteraction@27046b4, (view has effective visibility <VISIBLE> and view.getGlobalVisibleRect() covers at least <75> percent of the view's area)]
05-19 12:29:51.806 21728 21728 I ViewInteraction: Checking 'MatchesViewAssertion(Detox){viewMatcher=(view has effective visibility <VISIBLE> and view.getGlobalVisibleRect() covers at least <75> percent of the view's area)}' assertion on view (an instance of android.widget.TextView and view.getText() with or without transformation to match: is "Find your Gadget" and view has effective visibility <VISIBLE>)
05-19 12:29:51.810 21728 21800 I DetoxActionHandlers: Test exception
05-19 12:29:51.810 21728 21800 I DetoxActionHandlers: java.lang.reflect.InvocationTargetException
05-19 12:29:51.810 21728 21800 I DetoxActionHandlers: 	at java.lang.reflect.Method.invoke(Native Method)
05-19 12:29:51.810 21728 21800 I DetoxActionHandlers: 	at org.apache.commons.lang3.reflect.MethodUtils.invokeStaticMethod(MethodUtils.java:443)
05-19 12:29:51.810 21728 21800 I DetoxActionHandlers: 	at org.apache.commons.lang3.reflect.MethodUtils.invokeStaticMethod(MethodUtils.java:405)
05-19 12:29:51.810 21728 21800 I DetoxActionHandlers: 	at com.wix.invoke.types.ClassTarget.execute(ClassTarget.java:23)
05-19 12:29:51.810 21728 21800 I DetoxActionHandlers: 	at com.wix.invoke.types.Target.invoke(Target.java:59)
05-19 12:29:51.810 21728 21800 I DetoxActionHandlers: 	at com.wix.invoke.MethodInvocation.invoke(MethodInvocation.java:35)
05-19 12:29:51.810 21728 21800 I DetoxActionHandlers: 	at com.wix.invoke.MethodInvocation.invoke(MethodInvocation.java:26)
05-19 12:29:51.810 21728 21800 I DetoxActionHandlers: 	at com.wix.invoke.MethodInvocation.invoke(MethodInvocation.java:20)
05-19 12:29:51.810 21728 21800 I DetoxActionHandlers: 	at com.wix.detox.adapters.server.InvokeActionHandler.handle(DetoxActionHandlers.kt:54)
05-19 12:29:51.810 21728 21800 I DetoxActionHandlers: 	at com.wix.detox.adapters.server.ActionsExecutor.executeAction$lambda-2$lambda-1(DetoxActionsDispatcher.kt:64)
05-19 12:29:51.810 21728 21800 I DetoxActionHandlers: 	at com.wix.detox.adapters.server.ActionsExecutor.$r8$lambda$nk3cF8ntnfFqbJOcVqd04vjb5nY(Unknown Source:0)
05-19 12:29:51.810 21728 21800 I DetoxActionHandlers: 	at com.wix.detox.adapters.server.ActionsExecutor$$ExternalSyntheticLambda1.run(Unknown Source:8)
05-19 12:29:51.810 21728 21800 I DetoxActionHandlers: 	at android.os.Handler.handleCallback(Handler.java:938)
05-19 12:29:51.810 21728 21800 I DetoxActionHandlers: 	at android.os.Handler.dispatchMessage(Handler.java:99)
05-19 12:29:51.810 21728 21800 I DetoxActionHandlers: 	at android.os.Looper.loop(Looper.java:254)
05-19 12:29:51.810 21728 21800 I DetoxActionHandlers: 	at com.wix.detox.adapters.server.ActionsExecutor._init_$lambda-0(DetoxActionsDispatcher.kt:50)
05-19 12:29:51.810 21728 21800 I DetoxActionHandlers: 	at com.wix.detox.adapters.server.ActionsExecutor.$r8$lambda$Hi5vyewqQiQqk57AkJy_cHqNGKY(Unknown Source:0)
05-19 12:29:51.810 21728 21800 I DetoxActionHandlers: 	at com.wix.detox.adapters.server.ActionsExecutor$$ExternalSyntheticLambda0.run(Unknown Source:4)
05-19 12:29:51.810 21728 21800 I DetoxActionHandlers: 	at java.lang.Thread.run(Thread.java:923)
05-19 12:29:51.810 21728 21800 I DetoxActionHandlers: Caused by: androidx.test.espresso.base.DefaultFailureHandler$AssertionFailedWithCauseError: '(view has effective visibility <VISIBLE> and view.getGlobalVisibleRect() covers at least <75> percent of the view's area)' doesn't match the selected view.
05-19 12:29:51.810 21728 21800 I DetoxActionHandlers: Expected: (view has effective visibility <VISIBLE> and view.getGlobalVisibleRect() covers at least <75> percent of the view's area)
05-19 12:29:51.810 21728 21800 I DetoxActionHandlers:      Got: was null
05-19 12:29:51.810 21728 21800 I DetoxActionHandlers: 
05-19 12:29:51.810 21728 21800 I DetoxActionHandlers: 	at dalvik.system.VMStack.getThreadStackTrace(Native Method)
05-19 12:29:51.810 21728 21800 I DetoxActionHandlers: 	at java.lang.Thread.getStackTrace(Thread.java:1736)
05-19 12:29:51.810 21728 21800 I DetoxActionHandlers: 	at androidx.test.espresso.base.DefaultFailureHandler.getUserFriendlyError(DefaultFailureHandler.java:12)
05-19 12:29:51.810 21728 21800 I DetoxActionHandlers: 	at androidx.test.espresso.base.DefaultFailureHandler.handle(DefaultFailureHandler.java:7)
05-19 12:29:51.810 21728 21800 I DetoxActionHandlers: 	at androidx.test.espresso.ViewInteraction.waitForAndHandleInteractionResults(ViewInteraction.java:5)
05-19 12:29:51.810 21728 21800 I DetoxActionHandlers: 	at androidx.test.espresso.ViewInteraction.check(ViewInteraction.java:12)
05-19 12:29:51.810 21728 21800 I DetoxActionHandlers: 	at com.wix.detox.espresso.DetoxAssertion.assertMatcher(DetoxAssertion.java:32)
05-19 12:29:51.810 21728 21800 I DetoxActionHandlers: 	... 19 more
05-19 12:29:51.810 21728 21800 I DetoxActionHandlers: Caused by: junit.framework.AssertionFailedError: '(view has effective visibility <VISIBLE> and view.getGlobalVisibleRect() covers at least <75> percent of the view's area)' doesn't match the selected view.
05-19 12:29:51.810 21728 21800 I DetoxActionHandlers: Expected: (view has effective visibility <VISIBLE> and view.getGlobalVisibleRect() covers at least <75> percent of the view's area)
05-19 12:29:51.810 21728 21800 I DetoxActionHandlers:      Got: was null
05-19 12:29:51.810 21728 21800 I DetoxActionHandlers: 
05-19 12:29:51.810 21728 21800 I DetoxActionHandlers: 	at androidx.test.espresso.matcher.ViewMatchers.assertThat(ViewMatchers.java:16)
05-19 12:29:51.810 21728 21800 I DetoxActionHandlers: 	at com.wix.detox.espresso.assertion.ViewAssertions$MatchesViewAssertion.check(ViewAssertions.java:52)
05-19 12:29:51.810 21728 21800 I DetoxActionHandlers: 	at androidx.test.espresso.ViewInteraction$SingleExecutionViewAssertion.check(ViewInteraction.java:2)
05-19 12:29:51.810 21728 21800 I DetoxActionHandlers: 	at androidx.test.espresso.ViewInteraction$2.call(ViewInteraction.java:12)
05-19 12:29:51.810 21728 21800 I DetoxActionHandlers: 	at androidx.test.espresso.ViewInteraction$2.call(ViewInteraction.java:1)
05-19 12:29:51.810 21728 21800 I DetoxActionHandlers: 	at java.util.concurrent.FutureTask.run(FutureTask.java:266)
05-19 12:29:51.810 21728 21800 I DetoxActionHandlers: 	at android.os.Handler.handleCallback(Handler.java:938)
05-19 12:29:51.810 21728 21800 I DetoxActionHandlers: 	at android.os.Handler.dispatchMessage(Handler.java:99)
05-19 12:29:51.810 21728 21800 I DetoxActionHandlers: 	at android.os.Looper.loop(Looper.java:254)
05-19 12:29:51.810 21728 21800 I DetoxActionHandlers: 	at android.app.ActivityThread.main(ActivityThread.java:8243)
05-19 12:29:51.810 21728 21800 I DetoxActionHandlers: 	at java.lang.reflect.Method.invoke(Native Method)
05-19 12:29:51.810 21728 21800 I DetoxActionHandlers: 	at com.android.internal.os.RuntimeInit$MethodAndArgsCaller.run(RuntimeInit.java:612)
05-19 12:29:51.810 21728 21800 I DetoxActionHandlers: 	at com.android.internal.os.ZygoteInit.main(ZygoteInit.java:1006)
05-19 12:29:51.810 21728 21800 I DetoxWSClient: Sending out action 'testFailed' (ID #2)
05-19 12:29:51.811 21728 21800 I DetoxDispatcher: Done with action 'invoke'
